[0.018s] Invoking command in '/home/kevin/Desktop/rovo_ur_ws/build/rovo_can_driver': CMAKE_PREFIX_PATH=${CMAKE_PREFIX_PATH}:/opt/ros/jazzy DEBUGINFOD_URLS=https://debuginfod.ubuntu.com /usr/bin/cmake --build /home/kevin/Desktop/rovo_ur_ws/build/rovo_can_driver -- -j44 -l44
[0.122s] [ 50%] [32mBuilding CXX object CMakeFiles/rovo_can_driver.dir/src/rovo_can_system.cpp.o[0m
[3.758s] [01m[K/home/kevin/Desktop/rovo_ur_ws/src/rovo_can_driver/src/rovo_can_system.cpp:[m[K In member function â€˜[01m[Kvirtual hardware_interface::return_type rovo_can_driver::RovoCanSystem::[01;32m[Kread[m[K(const rclcpp::Time&, const rclcpp::Duration&)[m[Kâ€™:
[3.758s] [01m[K/home/kevin/Desktop/rovo_ur_ws/src/rovo_can_driver/src/rovo_can_system.cpp:189:22:[m[K [01;31m[Kerror: [m[Kaggregate â€˜[01m[Krovo_can_driver::can_frame frame[m[Kâ€™ has incomplete type and cannot be defined
[3.758s]   189 |     struct can_frame [01;31m[Kframe[m[K;
[3.759s]       |                      [01;31m[K^~~~~[m[K
[3.759s] [01m[K/home/kevin/Desktop/rovo_ur_ws/src/rovo_can_driver/src/rovo_can_system.cpp:206:40:[m[K [01;31m[Kerror: [m[Kinvalid application of â€˜[01m[Ksizeof[m[Kâ€™ to incomplete type â€˜[01m[Krovo_can_driver::can_frame[m[Kâ€™
[3.759s]   206 |     if (static_cast<size_t>(nbytes) == [01;31m[Ksizeof(struct can_frame)[m[K) {
[3.760s]       |                                        [01;31m[K^~~~~~~~~~~~~~~~~~~~~~~~[m[K
[3.765s] [01m[K/home/kevin/Desktop/rovo_ur_ws/src/rovo_can_driver/src/rovo_can_system.cpp:[m[K In member function â€˜[01m[Kvoid rovo_can_driver::RovoCanSystem::[01;32m[Kprocess_can_frame[m[K(const rovo_can_driver::can_frame&)[m[Kâ€™:
[3.766s] [01m[K/home/kevin/Desktop/rovo_ur_ws/src/rovo_can_driver/src/rovo_can_system.cpp:357:19:[m[K [01;31m[Kerror: [m[Kinvalid use of incomplete type â€˜[01m[Kconst struct rovo_can_driver::can_frame[m[Kâ€™
[3.766s]   357 |   const auto id = [01;31m[Kframe[m[K.can_id & CAN_SFF_MASK;
[3.767s]       |                   [01;31m[K^~~~~[m[K
[3.767s] In file included from [01m[K/home/kevin/Desktop/rovo_ur_ws/src/rovo_can_driver/src/rovo_can_system.cpp:1[m[K:
[3.767s] [01m[K/home/kevin/Desktop/rovo_ur_ws/src/rovo_can_driver/include/rovo_can_driver/rovo_can_system.hpp:19:8:[m[K [01;36m[Knote: [m[Kforward declaration of â€˜[01m[Kstruct rovo_can_driver::can_frame[m[Kâ€™
[3.767s]    19 | struct [01;36m[Kcan_frame[m[K;
[3.767s]       |        [01;36m[K^~~~~~~~~[m[K
[3.768s] [01m[K/home/kevin/Desktop/rovo_ur_ws/src/rovo_can_driver/src/rovo_can_system.cpp:362:11:[m[K [01;31m[Kerror: [m[Kinvalid use of incomplete type â€˜[01m[Kconst struct rovo_can_driver::can_frame[m[Kâ€™
[3.768s]   362 |       if ([01;31m[Kframe[m[K.can_dlc >= 7) {
[3.768s]       |           [01;31m[K^~~~~[m[K
[3.768s] [01m[K/home/kevin/Desktop/rovo_ur_ws/src/rovo_can_driver/include/rovo_can_driver/rovo_can_system.hpp:19:8:[m[K [01;36m[Knote: [m[Kforward declaration of â€˜[01m[Kstruct rovo_can_driver::can_frame[m[Kâ€™
[3.768s]    19 | struct [01;36m[Kcan_frame[m[K;
[3.769s]       |        [01;36m[K^~~~~~~~~[m[K
[3.769s] [01m[K/home/kevin/Desktop/rovo_ur_ws/src/rovo_can_driver/src/rovo_can_system.cpp:363:26:[m[K [01;31m[Kerror: [m[Kinvalid use of incomplete type â€˜[01m[Kconst struct rovo_can_driver::can_frame[m[Kâ€™
[3.769s]   363 |         main_state_    = [01;31m[Kframe[m[K.data[0];  // MainState
[3.769s]       |                          [01;31m[K^~~~~[m[K
[3.770s] [01m[K/home/kevin/Desktop/rovo_ur_ws/src/rovo_can_driver/include/rovo_can_driver/rovo_can_system.hpp:19:8:[m[K [01;36m[Knote: [m[Kforward declaration of â€˜[01m[Kstruct rovo_can_driver::can_frame[m[Kâ€™
[3.770s]    19 | struct [01;36m[Kcan_frame[m[K;
[3.770s]       |        [01;36m[K^~~~~~~~~[m[K
[3.771s] [01m[K/home/kevin/Desktop/rovo_ur_ws/src/rovo_can_driver/src/rovo_can_system.cpp:364:26:[m[K [01;31m[Kerror: [m[Kinvalid use of incomplete type â€˜[01m[Kconst struct rovo_can_driver::can_frame[m[Kâ€™
[3.771s]   364 |         driving_stage_ = [01;31m[Kframe[m[K.data[1];  // ActualDrivingStage
[3.771s]       |                          [01;31m[K^~~~~[m[K
[3.771s] [01m[K/home/kevin/Desktop/rovo_ur_ws/src/rovo_can_driver/include/rovo_can_driver/rovo_can_system.hpp:19:8:[m[K [01;36m[Knote: [m[Kforward declaration of â€˜[01m[Kstruct rovo_can_driver::can_frame[m[Kâ€™
[3.772s]    19 | struct [01;36m[Kcan_frame[m[K;
[3.772s]       |        [01;36m[K^~~~~~~~~[m[K
[3.772s] [01m[K/home/kevin/Desktop/rovo_ur_ws/src/rovo_can_driver/src/rovo_can_system.cpp:365:26:[m[K [01;31m[Kerror: [m[Kinvalid use of incomplete type â€˜[01m[Kconst struct rovo_can_driver::can_frame[m[Kâ€™
[3.773s]   365 |         unlock_state_  = [01;31m[Kframe[m[K.data[2];  // UnlockState
[3.773s]       |                          [01;31m[K^~~~~[m[K
[3.774s] [01m[K/home/kevin/Desktop/rovo_ur_ws/src/rovo_can_driver/include/rovo_can_driver/rovo_can_system.hpp:19:8:[m[K [01;36m[Knote: [m[Kforward declaration of â€˜[01m[Kstruct rovo_can_driver::can_frame[m[Kâ€™
[3.774s]    19 | struct [01;36m[Kcan_frame[m[K;
[3.775s]       |        [01;36m[K^~~~~~~~~[m[K
[3.775s] [01m[K/home/kevin/Desktop/rovo_ur_ws/src/rovo_can_driver/src/rovo_can_system.cpp:369:26:[m[K [01;31m[Kerror: [m[Kinvalid use of incomplete type â€˜[01m[Kconst struct rovo_can_driver::can_frame[m[Kâ€™
[3.776s]   369 |         drive_mode_    = [01;31m[Kframe[m[K.data[6];  // ActualDriveMode
[3.776s]       |                          [01;31m[K^~~~~[m[K
[3.776s] [01m[K/home/kevin/Desktop/rovo_ur_ws/src/rovo_can_driver/include/rovo_can_driver/rovo_can_system.hpp:19:8:[m[K [01;36m[Knote: [m[Kforward declaration of â€˜[01m[Kstruct rovo_can_driver::can_frame[m[Kâ€™
[3.776s]    19 | struct [01;36m[Kcan_frame[m[K;
[3.777s]       |        [01;36m[K^~~~~~~~~[m[K
[3.777s] [01m[K/home/kevin/Desktop/rovo_ur_ws/src/rovo_can_driver/src/rovo_can_system.cpp:376:11:[m[K [01;31m[Kerror: [m[Kinvalid use of incomplete type â€˜[01m[Kconst struct rovo_can_driver::can_frame[m[Kâ€™
[3.777s]   376 |       if ([01;31m[Kframe[m[K.can_dlc >= 8) {
[3.777s]       |           [01;31m[K^~~~~[m[K
[3.778s] [01m[K/home/kevin/Desktop/rovo_ur_ws/src/rovo_can_driver/include/rovo_can_driver/rovo_can_system.hpp:19:8:[m[K [01;36m[Knote: [m[Kforward declaration of â€˜[01m[Kstruct rovo_can_driver::can_frame[m[Kâ€™
[3.778s]    19 | struct [01;36m[Kcan_frame[m[K;
[3.778s]       |        [01;36m[K^~~~~~~~~[m[K
[3.778s] [01m[K/home/kevin/Desktop/rovo_ur_ws/src/rovo_can_driver/src/rovo_can_system.cpp:383:47:[m[K [01;31m[Kerror: [m[Kinvalid use of incomplete type â€˜[01m[Kconst struct rovo_can_driver::can_frame[m[Kâ€™
[3.778s]   383 |         const int16_t speed_left_rpm   = le16([01;31m[Kframe[m[K.data[0], frame.data[1]);
[3.779s]       |                                               [01;31m[K^~~~~[m[K
[3.779s] [01m[K/home/kevin/Desktop/rovo_ur_ws/src/rovo_can_driver/include/rovo_can_driver/rovo_can_system.hpp:19:8:[m[K [01;36m[Knote: [m[Kforward declaration of â€˜[01m[Kstruct rovo_can_driver::can_frame[m[Kâ€™
[3.779s]    19 | struct [01;36m[Kcan_frame[m[K;
[3.779s]       |        [01;36m[K^~~~~~~~~[m[K
[3.779s] [01m[K/home/kevin/Desktop/rovo_ur_ws/src/rovo_can_driver/src/rovo_can_system.cpp:383:62:[m[K [01;31m[Kerror: [m[Kinvalid use of incomplete type â€˜[01m[Kconst struct rovo_can_driver::can_frame[m[Kâ€™
[3.780s]   383 |        const int16_t speed_left_rpm   = le16(frame.data[0], [01;31m[Kframe[m[K.data[1]);
[3.780s]       |                                                             [01;31m[K^~~~~[m[K
[3.780s] 
[3.780s] [01m[K/home/kevin/Desktop/rovo_ur_ws/src/rovo_can_driver/include/rovo_can_driver/rovo_can_system.hpp:19:8:[m[K [01;36m[Knote: [m[Kforward declaration of â€˜[01m[Kstruct rovo_can_driver::can_frame[m[Kâ€™
[3.781s]    19 | struct [01;36m[Kcan_frame[m[K;
[3.781s]       |        [01;36m[K^~~~~~~~~[m[K
[3.781s] [01m[K/home/kevin/Desktop/rovo_ur_ws/src/rovo_can_driver/src/rovo_can_system.cpp:384:47:[m[K [01;31m[Kerror: [m[Kinvalid use of incomplete type â€˜[01m[Kconst struct rovo_can_driver::can_frame[m[Kâ€™
[3.781s]   384 |         const int16_t speed_right_rpm  = le16([01;31m[Kframe[m[K.data[2], frame.data[3]);
[3.781s]       |                                               [01;31m[K^~~~~[m[K
[3.782s] [01m[K/home/kevin/Desktop/rovo_ur_ws/src/rovo_can_driver/include/rovo_can_driver/rovo_can_system.hpp:19:8:[m[K [01;36m[Knote: [m[Kforward declaration of â€˜[01m[Kstruct rovo_can_driver::can_frame[m[Kâ€™
[3.782s]    19 | struct [01;36m[Kcan_frame[m[K;
[3.782s]       |        [01;36m[K^~~~~~~~~[m[K
[3.782s] [01m[K/home/kevin/Desktop/rovo_ur_ws/src/rovo_can_driver/src/rovo_can_system.cpp:384:62:[m[K [01;31m[Kerror: [m[Kinvalid use of incomplete type â€˜[01m[Kconst struct rovo_can_driver::can_frame[m[Kâ€™
[3.782s]   384 |        const int16_t speed_right_rpm  = le16(frame.data[2], [01;31m[Kframe[m[K.data[3]);
[3.783s]       |                                                             [01;31m[K^~~~~[m[K
[3.783s] 
[3.783s] [01m[K/home/kevin/Desktop/rovo_ur_ws/src/rovo_can_driver/include/rovo_can_driver/rovo_can_system.hpp:19:8:[m[K [01;36m[Knote: [m[Kforward declaration of â€˜[01m[Kstruct rovo_can_driver::can_frame[m[Kâ€™
[3.783s]    19 | struct [01;36m[Kcan_frame[m[K;
[3.784s]       |        [01;36m[K^~~~~~~~~[m[K
[3.784s] [01m[K/home/kevin/Desktop/rovo_ur_ws/src/rovo_can_driver/src/rovo_can_system.cpp:385:47:[m[K [01;31m[Kerror: [m[Kinvalid use of incomplete type â€˜[01m[Kconst struct rovo_can_driver::can_frame[m[Kâ€™
[3.784s]   385 |         const int16_t batt_voltage_raw = le16([01;31m[Kframe[m[K.data[4], frame.data[5]);
[3.784s]       |                                               [01;31m[K^~~~~[m[K
[3.784s] [01m[K/home/kevin/Desktop/rovo_ur_ws/src/rovo_can_driver/include/rovo_can_driver/rovo_can_system.hpp:19:8:[m[K [01;36m[Knote: [m[Kforward declaration of â€˜[01m[Kstruct rovo_can_driver::can_frame[m[Kâ€™
[3.785s]    19 | struct [01;36m[Kcan_frame[m[K;
[3.785s]       |        [01;36m[K^~~~~~~~~[m[K
[3.785s] [01m[K/home/kevin/Desktop/rovo_ur_ws/src/rovo_can_driver/src/rovo_can_system.cpp:385:62:[m[K [01;31m[Kerror: [m[Kinvalid use of incomplete type â€˜[01m[Kconst struct rovo_can_driver::can_frame[m[Kâ€™
[3.785s]   385 |        const int16_t batt_voltage_raw = le16(frame.data[4], [01;31m[Kframe[m[K.data[5]);
[3.786s]       |                                                             [01;31m[K^~~~~[m[K
[3.786s] 
[3.786s] [01m[K/home/kevin/Desktop/rovo_ur_ws/src/rovo_can_driver/include/rovo_can_driver/rovo_can_system.hpp:19:8:[m[K [01;36m[Knote: [m[Kforward declaration of â€˜[01m[Kstruct rovo_can_driver::can_frame[m[Kâ€™
[3.786s]    19 | struct [01;36m[Kcan_frame[m[K;
[3.786s]       |        [01;36m[K^~~~~~~~~[m[K
[3.787s] [01m[K/home/kevin/Desktop/rovo_ur_ws/src/rovo_can_driver/src/rovo_can_system.cpp:386:47:[m[K [01;31m[Kerror: [m[Kinvalid use of incomplete type â€˜[01m[Kconst struct rovo_can_driver::can_frame[m[Kâ€™
[3.787s]   386 |         const int16_t batt_current_raw = le16([01;31m[Kframe[m[K.data[6], frame.data[7]);
[3.787s]       |                                               [01;31m[K^~~~~[m[K
[3.787s] [01m[K/home/kevin/Desktop/rovo_ur_ws/src/rovo_can_driver/include/rovo_can_driver/rovo_can_system.hpp:19:8:[m[K [01;36m[Knote: [m[Kforward declaration of â€˜[01m[Kstruct rovo_can_driver::can_frame[m[Kâ€™
[3.787s]    19 | struct [01;36m[Kcan_frame[m[K;
[3.788s]       |        [01;36m[K^~~~~~~~~[m[K
[3.788s] [01m[K/home/kevin/Desktop/rovo_ur_ws/src/rovo_can_driver/src/rovo_can_system.cpp:386:62:[m[K [01;31m[Kerror: [m[Kinvalid use of incomplete type â€˜[01m[Kconst struct rovo_can_driver::can_frame[m[Kâ€™
[3.788s]   386 |        const int16_t batt_current_raw = le16(frame.data[6], [01;31m[Kframe[m[K.data[7]);
[3.789s]       |                                                             [01;31m[K^~~~~[m[K
[3.789s] 
[3.789s] [01m[K/home/kevin/Desktop/rovo_ur_ws/src/rovo_can_driver/include/rovo_can_driver/rovo_can_system.hpp:19:8:[m[K [01;36m[Knote: [m[Kforward declaration of â€˜[01m[Kstruct rovo_can_driver::can_frame[m[Kâ€™
[3.789s]    19 | struct [01;36m[Kcan_frame[m[K;
[3.790s]       |        [01;36m[K^~~~~~~~~[m[K
[3.790s] [01m[K/home/kevin/Desktop/rovo_ur_ws/src/rovo_can_driver/src/rovo_can_system.cpp:[m[K In member function â€˜[01m[Kbool rovo_can_driver::RovoCanSystem::[01;32m[Ksend_can_frame[m[K(uint32_t, uint8_t, const uint8_t*)[m[Kâ€™:
[3.790s] [01m[K/home/kevin/Desktop/rovo_ur_ws/src/rovo_can_driver/src/rovo_can_system.cpp:421:20:[m[K [01;31m[Kerror: [m[Kaggregate â€˜[01m[Krovo_can_driver::can_frame frame[m[Kâ€™ has incomplete type and cannot be defined
[3.790s]   421 |   struct can_frame [01;31m[Kframe[m[K;
[3.790s]       |                    [01;31m[K^~~~~[m[K
[3.791s] [01m[K/home/kevin/Desktop/rovo_ur_ws/src/rovo_can_driver/src/rovo_can_system.cpp:430:38:[m[K [01;31m[Kerror: [m[Kinvalid application of â€˜[01m[Ksizeof[m[Kâ€™ to incomplete type â€˜[01m[Krovo_can_driver::can_frame[m[Kâ€™
[3.791s]   430 |   if (nbytes != static_cast<ssize_t>([01;31m[Ksizeof(struct can_frame)[m[K)) {
[3.791s]       |                                      [01;31m[K^~~~~~~~~~~~~~~~~~~~~~~~[m[K
[5.553s] gmake[2]: *** [CMakeFiles/rovo_can_driver.dir/build.make:76: CMakeFiles/rovo_can_driver.dir/src/rovo_can_system.cpp.o] Error 1
[5.553s] gmake[1]: *** [CMakeFiles/Makefile2:137: CMakeFiles/rovo_can_driver.dir/all] Error 2
[5.554s] gmake: *** [Makefile:146: all] Error 2
[5.557s] Invoked command in '/home/kevin/Desktop/rovo_ur_ws/build/rovo_can_driver' returned '2': CMAKE_PREFIX_PATH=${CMAKE_PREFIX_PATH}:/opt/ros/jazzy DEBUGINFOD_URLS=https://debuginfod.ubuntu.com /usr/bin/cmake --build /home/kevin/Desktop/rovo_ur_ws/build/rovo_can_driver -- -j44 -l44
