[0.019s] Invoking command in '/home/kevin/Desktop/rovo_ur_ws/build/rovo_can_driver': CMAKE_PREFIX_PATH=${CMAKE_PREFIX_PATH}:/opt/ros/jazzy DEBUGINFOD_URLS=https://debuginfod.ubuntu.com /usr/bin/cmake --build /home/kevin/Desktop/rovo_ur_ws/build/rovo_can_driver -- -j44 -l44
[0.140s] [ 50%] [32mBuilding CXX object CMakeFiles/rovo_can_driver.dir/src/rovo_can_system.cpp.o[0m
[3.447s] [01m[K/home/kevin/Desktop/rovo_ur_ws/src/rovo_can_driver/src/rovo_can_system.cpp:[m[K In member function â€˜[01m[Kvirtual hardware_interface::CallbackReturn rovo_can_driver::RovoCanSystem::[01;32m[Kon_init[m[K(const hardware_interface::HardwareComponentInterfaceParams&)[m[Kâ€™:
[3.447s] [01m[K/home/kevin/Desktop/rovo_ur_ws/src/rovo_can_driver/src/rovo_can_system.cpp:55:7:[m[K [01;31m[Kerror: [m[Kâ€˜[01m[Kenable_tx_[m[Kâ€™ was not declared in this scope
[3.448s]    55 |       [01;31m[Kenable_tx_[m[K = (value == "true" || value == "True" || value == "1");
[3.448s]       |       [01;31m[K^~~~~~~~~~[m[K
[3.457s] In file included from [01m[K/opt/ros/jazzy/include/rclcpp/rclcpp/logging.hpp:24[m[K,
[3.457s]                  from [01m[K/opt/ros/jazzy/include/rclcpp/rclcpp/copy_all_parameter_values.hpp:27[m[K,
[3.457s]                  from [01m[K/opt/ros/jazzy/include/rclcpp/rclcpp/rclcpp.hpp:171[m[K,
[3.458s]                  from [01m[K/home/kevin/Desktop/rovo_ur_ws/src/rovo_can_driver/include/rovo_can_driver/rovo_can_system.hpp:9[m[K,
[3.458s]                  from [01m[K/home/kevin/Desktop/rovo_ur_ws/src/rovo_can_driver/src/rovo_can_system.cpp:1[m[K:
[3.458s] [01m[K/home/kevin/Desktop/rovo_ur_ws/src/rovo_can_driver/src/rovo_can_system.cpp:85:5:[m[K [01;31m[Kerror: [m[Kâ€˜[01m[Kenable_tx_[m[Kâ€™ was not declared in this scope
[3.458s]    85 |     [01;31m[Kenable_tx_[m[K ? "true" : "false");
[3.459s]       |     [01;31m[K^~~~~~~~~~[m[K
[3.461s] [01m[K/home/kevin/Desktop/rovo_ur_ws/src/rovo_can_driver/src/rovo_can_system.cpp:[m[K In member function â€˜[01m[Kvirtual hardware_interface::return_type rovo_can_driver::RovoCanSystem::[01;32m[Kread[m[K(const rclcpp::Time&, const rclcpp::Duration&)[m[Kâ€™:
[3.461s] [01m[K/home/kevin/Desktop/rovo_ur_ws/src/rovo_can_driver/src/rovo_can_system.cpp:179:22:[m[K [01;31m[Kerror: [m[Kaggregate â€˜[01m[Krovo_can_driver::can_frame frame[m[Kâ€™ has incomplete type and cannot be defined
[3.461s]   179 |     struct can_frame [01;31m[Kframe[m[K;
[3.462s]       |                      [01;31m[K^~~~~[m[K
[3.462s] [01m[K/home/kevin/Desktop/rovo_ur_ws/src/rovo_can_driver/src/rovo_can_system.cpp:196:40:[m[K [01;31m[Kerror: [m[Kinvalid application of â€˜[01m[Ksizeof[m[Kâ€™ to incomplete type â€˜[01m[Krovo_can_driver::can_frame[m[Kâ€™
[3.463s]   196 |     if (static_cast<size_t>(nbytes) == [01;31m[Ksizeof(struct can_frame)[m[K) {
[3.463s]       |                                        [01;31m[K^~~~~~~~~~~~~~~~~~~~~~~~[m[K
[3.471s] [01m[K/home/kevin/Desktop/rovo_ur_ws/src/rovo_can_driver/src/rovo_can_system.cpp:[m[K In member function â€˜[01m[Kvirtual hardware_interface::return_type rovo_can_driver::RovoCanSystem::[01;32m[Kwrite[m[K(const rclcpp::Time&, const rclcpp::Duration&)[m[Kâ€™:
[3.471s] [01m[K/home/kevin/Desktop/rovo_ur_ws/src/rovo_can_driver/src/rovo_can_system.cpp:227:8:[m[K [01;31m[Kerror: [m[Kâ€˜[01m[Kenable_tx_[m[Kâ€™ was not declared in this scope
[3.472s]   227 |   if (![01;31m[Kenable_tx_[m[K) {
[3.472s]       |        [01;31m[K^~~~~~~~~~[m[K
[3.483s] [01m[K/home/kevin/Desktop/rovo_ur_ws/src/rovo_can_driver/src/rovo_can_system.cpp:231:3:[m[K [01;31m[Kerror: [m[Kâ€˜[01m[Ksend_safe_tx_frame[m[Kâ€™ was not declared in this scope; did you mean â€˜[01m[Ksend_can_frame[m[Kâ€™?
[3.483s]   231 |   [01;31m[Ksend_safe_tx_frame[m[K();
[3.483s]       |   [01;31m[K^~~~~~~~~~~~~~~~~~[m[K
[3.484s]       |   [32m[Ksend_can_frame[m[K
[3.486s] [01m[K/home/kevin/Desktop/rovo_ur_ws/src/rovo_can_driver/src/rovo_can_system.cpp:[m[K In member function â€˜[01m[Kvoid rovo_can_driver::RovoCanSystem::[01;32m[Kprocess_can_frame[m[K(const rovo_can_driver::can_frame&)[m[Kâ€™:
[3.487s] [01m[K/home/kevin/Desktop/rovo_ur_ws/src/rovo_can_driver/src/rovo_can_system.cpp:295:19:[m[K [01;31m[Kerror: [m[Kinvalid use of incomplete type â€˜[01m[Kconst struct rovo_can_driver::can_frame[m[Kâ€™
[3.487s]   295 |   const auto id = [01;31m[Kframe[m[K.can_id & CAN_SFF_MASK;
[3.488s]       |                   [01;31m[K^~~~~[m[K
[3.488s] [01m[K/home/kevin/Desktop/rovo_ur_ws/src/rovo_can_driver/include/rovo_can_driver/rovo_can_system.hpp:19:8:[m[K [01;36m[Knote: [m[Kforward declaration of â€˜[01m[Kstruct rovo_can_driver::can_frame[m[Kâ€™
[3.488s]    19 | struct [01;36m[Kcan_frame[m[K;
[3.488s]       |        [01;36m[K^~~~~~~~~[m[K
[3.488s] [01m[K/home/kevin/Desktop/rovo_ur_ws/src/rovo_can_driver/src/rovo_can_system.cpp:300:11:[m[K [01;31m[Kerror: [m[Kinvalid use of incomplete type â€˜[01m[Kconst struct rovo_can_driver::can_frame[m[Kâ€™
[3.489s]   300 |       if ([01;31m[Kframe[m[K.can_dlc >= 7) {
[3.489s]       |           [01;31m[K^~~~~[m[K
[3.489s] [01m[K/home/kevin/Desktop/rovo_ur_ws/src/rovo_can_driver/include/rovo_can_driver/rovo_can_system.hpp:19:8:[m[K [01;36m[Knote: [m[Kforward declaration of â€˜[01m[Kstruct rovo_can_driver::can_frame[m[Kâ€™
[3.489s]    19 | struct [01;36m[Kcan_frame[m[K;
[3.490s]       |        [01;36m[K^~~~~~~~~[m[K
[3.490s] [01m[K/home/kevin/Desktop/rovo_ur_ws/src/rovo_can_driver/src/rovo_can_system.cpp:301:26:[m[K [01;31m[Kerror: [m[Kinvalid use of incomplete type â€˜[01m[Kconst struct rovo_can_driver::can_frame[m[Kâ€™
[3.490s]   301 |         main_state_    = [01;31m[Kframe[m[K.data[0];
[3.490s]       |                          [01;31m[K^~~~~[m[K
[3.490s] [01m[K/home/kevin/Desktop/rovo_ur_ws/src/rovo_can_driver/include/rovo_can_driver/rovo_can_system.hpp:19:8:[m[K [01;36m[Knote: [m[Kforward declaration of â€˜[01m[Kstruct rovo_can_driver::can_frame[m[Kâ€™
[3.491s]    19 | struct [01;36m[Kcan_frame[m[K;
[3.491s]       |        [01;36m[K^~~~~~~~~[m[K
[3.491s] [01m[K/home/kevin/Desktop/rovo_ur_ws/src/rovo_can_driver/src/rovo_can_system.cpp:302:26:[m[K [01;31m[Kerror: [m[Kinvalid use of incomplete type â€˜[01m[Kconst struct rovo_can_driver::can_frame[m[Kâ€™
[3.491s]   302 |         driving_stage_ = [01;31m[Kframe[m[K.data[1];
[3.492s]       |                          [01;31m[K^~~~~[m[K
[3.492s] [01m[K/home/kevin/Desktop/rovo_ur_ws/src/rovo_can_driver/include/rovo_can_driver/rovo_can_system.hpp:19:8:[m[K [01;36m[Knote: [m[Kforward declaration of â€˜[01m[Kstruct rovo_can_driver::can_frame[m[Kâ€™
[3.492s]    19 | struct [01;36m[Kcan_frame[m[K;
[3.492s]       |        [01;36m[K^~~~~~~~~[m[K
[3.492s] [01m[K/home/kevin/Desktop/rovo_ur_ws/src/rovo_can_driver/src/rovo_can_system.cpp:303:26:[m[K [01;31m[Kerror: [m[Kinvalid use of incomplete type â€˜[01m[Kconst struct rovo_can_driver::can_frame[m[Kâ€™
[3.493s]   303 |         unlock_state_  = [01;31m[Kframe[m[K.data[2];
[3.493s]       |                          [01;31m[K^~~~~[m[K
[3.493s] [01m[K/home/kevin/Desktop/rovo_ur_ws/src/rovo_can_driver/include/rovo_can_driver/rovo_can_system.hpp:19:8:[m[K [01;36m[Knote: [m[Kforward declaration of â€˜[01m[Kstruct rovo_can_driver::can_frame[m[Kâ€™
[3.493s]    19 | struct [01;36m[Kcan_frame[m[K;
[3.494s]       |        [01;36m[K^~~~~~~~~[m[K
[3.494s] [01m[K/home/kevin/Desktop/rovo_ur_ws/src/rovo_can_driver/src/rovo_can_system.cpp:304:26:[m[K [01;31m[Kerror: [m[Kinvalid use of incomplete type â€˜[01m[Kconst struct rovo_can_driver::can_frame[m[Kâ€™
[3.494s]   304 |         drive_mode_    = [01;31m[Kframe[m[K.data[6];
[3.494s]       |                          [01;31m[K^~~~~[m[K
[3.494s] [01m[K/home/kevin/Desktop/rovo_ur_ws/src/rovo_can_driver/include/rovo_can_driver/rovo_can_system.hpp:19:8:[m[K [01;36m[Knote: [m[Kforward declaration of â€˜[01m[Kstruct rovo_can_driver::can_frame[m[Kâ€™
[3.495s]    19 | struct [01;36m[Kcan_frame[m[K;
[3.495s]       |        [01;36m[K^~~~~~~~~[m[K
[3.495s] [01m[K/home/kevin/Desktop/rovo_ur_ws/src/rovo_can_driver/src/rovo_can_system.cpp:311:11:[m[K [01;31m[Kerror: [m[Kinvalid use of incomplete type â€˜[01m[Kconst struct rovo_can_driver::can_frame[m[Kâ€™
[3.495s]   311 |       if ([01;31m[Kframe[m[K.can_dlc >= 8) {
[3.496s]       |           [01;31m[K^~~~~[m[K
[3.496s] [01m[K/home/kevin/Desktop/rovo_ur_ws/src/rovo_can_driver/include/rovo_can_driver/rovo_can_system.hpp:19:8:[m[K [01;36m[Knote: [m[Kforward declaration of â€˜[01m[Kstruct rovo_can_driver::can_frame[m[Kâ€™
[3.496s]    19 | struct [01;36m[Kcan_frame[m[K;
[3.496s]       |        [01;36m[K^~~~~~~~~[m[K
[3.496s] [01m[K/home/kevin/Desktop/rovo_ur_ws/src/rovo_can_driver/src/rovo_can_system.cpp:318:47:[m[K [01;31m[Kerror: [m[Kinvalid use of incomplete type â€˜[01m[Kconst struct rovo_can_driver::can_frame[m[Kâ€™
[3.497s]   318 |         const int16_t speed_left_rpm   = le16([01;31m[Kframe[m[K.data[0], frame.data[1]);
[3.497s]       |                                               [01;31m[K^~~~~[m[K
[3.497s] [01m[K/home/kevin/Desktop/rovo_ur_ws/src/rovo_can_driver/include/rovo_can_driver/rovo_can_system.hpp:19:8:[m[K [01;36m[Knote: [m[Kforward declaration of â€˜[01m[Kstruct rovo_can_driver::can_frame[m[Kâ€™
[3.497s]    19 | struct [01;36m[Kcan_frame[m[K;
[3.498s]       |        [01;36m[K^~~~~~~~~[m[K
[3.498s] [01m[K/home/kevin/Desktop/rovo_ur_ws/src/rovo_can_driver/src/rovo_can_system.cpp:318:62:[m[K [01;31m[Kerror: [m[Kinvalid use of incomplete type â€˜[01m[Kconst struct rovo_can_driver::can_frame[m[Kâ€™
[3.498s]   318 |        const int16_t speed_left_rpm   = le16(frame.data[0], [01;31m[Kframe[m[K.data[1]);
[3.498s]       |                                                             [01;31m[K^~~~~[m[K
[3.498s] 
[3.499s] [01m[K/home/kevin/Desktop/rovo_ur_ws/src/rovo_can_driver/include/rovo_can_driver/rovo_can_system.hpp:19:8:[m[K [01;36m[Knote: [m[Kforward declaration of â€˜[01m[Kstruct rovo_can_driver::can_frame[m[Kâ€™
[3.499s]    19 | struct [01;36m[Kcan_frame[m[K;
[3.499s]       |        [01;36m[K^~~~~~~~~[m[K
[3.499s] [01m[K/home/kevin/Desktop/rovo_ur_ws/src/rovo_can_driver/src/rovo_can_system.cpp:319:47:[m[K [01;31m[Kerror: [m[Kinvalid use of incomplete type â€˜[01m[Kconst struct rovo_can_driver::can_frame[m[Kâ€™
[3.500s]   319 |         const int16_t speed_right_rpm  = le16([01;31m[Kframe[m[K.data[2], frame.data[3]);
[3.500s]       |                                               [01;31m[K^~~~~[m[K
[3.500s] [01m[K/home/kevin/Desktop/rovo_ur_ws/src/rovo_can_driver/include/rovo_can_driver/rovo_can_system.hpp:19:8:[m[K [01;36m[Knote: [m[Kforward declaration of â€˜[01m[Kstruct rovo_can_driver::can_frame[m[Kâ€™
[3.500s]    19 | struct [01;36m[Kcan_frame[m[K;
[3.501s]       |        [01;36m[K^~~~~~~~~[m[K
[3.501s] [01m[K/home/kevin/Desktop/rovo_ur_ws/src/rovo_can_driver/src/rovo_can_system.cpp:319:62:[m[K [01;31m[Kerror: [m[Kinvalid use of incomplete type â€˜[01m[Kconst struct rovo_can_driver::can_frame[m[Kâ€™
[3.501s]   319 |        const int16_t speed_right_rpm  = le16(frame.data[2], [01;31m[Kframe[m[K.data[3]);
[3.501s]       |                                                             [01;31m[K^~~~~[m[K
[3.501s] 
[3.502s] [01m[K/home/kevin/Desktop/rovo_ur_ws/src/rovo_can_driver/include/rovo_can_driver/rovo_can_system.hpp:19:8:[m[K [01;36m[Knote: [m[Kforward declaration of â€˜[01m[Kstruct rovo_can_driver::can_frame[m[Kâ€™
[3.502s]    19 | struct [01;36m[Kcan_frame[m[K;
[3.502s]       |        [01;36m[K^~~~~~~~~[m[K
[3.502s] [01m[K/home/kevin/Desktop/rovo_ur_ws/src/rovo_can_driver/src/rovo_can_system.cpp:320:47:[m[K [01;31m[Kerror: [m[Kinvalid use of incomplete type â€˜[01m[Kconst struct rovo_can_driver::can_frame[m[Kâ€™
[3.503s]   320 |         const int16_t batt_voltage_raw = le16([01;31m[Kframe[m[K.data[4], frame.data[5]);
[3.503s]       |                                               [01;31m[K^~~~~[m[K
[3.503s] [01m[K/home/kevin/Desktop/rovo_ur_ws/src/rovo_can_driver/include/rovo_can_driver/rovo_can_system.hpp:19:8:[m[K [01;36m[Knote: [m[Kforward declaration of â€˜[01m[Kstruct rovo_can_driver::can_frame[m[Kâ€™
[3.503s]    19 | struct [01;36m[Kcan_frame[m[K;
[3.504s]       |        [01;36m[K^~~~~~~~~[m[K
[3.504s] [01m[K/home/kevin/Desktop/rovo_ur_ws/src/rovo_can_driver/src/rovo_can_system.cpp:320:62:[m[K [01;31m[Kerror: [m[Kinvalid use of incomplete type â€˜[01m[Kconst struct rovo_can_driver::can_frame[m[Kâ€™
[3.504s]   320 |        const int16_t batt_voltage_raw = le16(frame.data[4], [01;31m[Kframe[m[K.data[5]);
[3.504s]       |                                                             [01;31m[K^~~~~[m[K
[3.504s] 
[3.505s] [01m[K/home/kevin/Desktop/rovo_ur_ws/src/rovo_can_driver/include/rovo_can_driver/rovo_can_system.hpp:19:8:[m[K [01;36m[Knote: [m[Kforward declaration of â€˜[01m[Kstruct rovo_can_driver::can_frame[m[Kâ€™
[3.505s]    19 | struct [01;36m[Kcan_frame[m[K;
[3.505s]       |        [01;36m[K^~~~~~~~~[m[K
[3.505s] [01m[K/home/kevin/Desktop/rovo_ur_ws/src/rovo_can_driver/src/rovo_can_system.cpp:321:47:[m[K [01;31m[Kerror: [m[Kinvalid use of incomplete type â€˜[01m[Kconst struct rovo_can_driver::can_frame[m[Kâ€™
[3.506s]   321 |         const int16_t batt_current_raw = le16([01;31m[Kframe[m[K.data[6], frame.data[7]);
[3.506s]       |                                               [01;31m[K^~~~~[m[K
[3.506s] [01m[K/home/kevin/Desktop/rovo_ur_ws/src/rovo_can_driver/include/rovo_can_driver/rovo_can_system.hpp:19:8:[m[K [01;36m[Knote: [m[Kforward declaration of â€˜[01m[Kstruct rovo_can_driver::can_frame[m[Kâ€™
[3.506s]    19 | struct [01;36m[Kcan_frame[m[K;
[3.506s]       |        [01;36m[K^~~~~~~~~[m[K
[3.507s] [01m[K/home/kevin/Desktop/rovo_ur_ws/src/rovo_can_driver/src/rovo_can_system.cpp:321:62:[m[K [01;31m[Kerror: [m[Kinvalid use of incomplete type â€˜[01m[Kconst struct rovo_can_driver::can_frame[m[Kâ€™
[3.507s]   321 |        const int16_t batt_current_raw = le16(frame.data[6], [01;31m[Kframe[m[K.data[7]);
[3.507s]       |                                                             [01;31m[K^~~~~[m[K
[3.507s] 
[3.508s] [01m[K/home/kevin/Desktop/rovo_ur_ws/src/rovo_can_driver/include/rovo_can_driver/rovo_can_system.hpp:19:8:[m[K [01;36m[Knote: [m[Kforward declaration of â€˜[01m[Kstruct rovo_can_driver::can_frame[m[Kâ€™
[3.508s]    19 | struct [01;36m[Kcan_frame[m[K;
[3.508s]       |        [01;36m[K^~~~~~~~~[m[K
[3.508s] [01m[K/home/kevin/Desktop/rovo_ur_ws/src/rovo_can_driver/src/rovo_can_system.cpp:[m[K At global scope:
[3.508s] [01m[K/home/kevin/Desktop/rovo_ur_ws/src/rovo_can_driver/src/rovo_can_system.cpp:347:6:[m[K [01;31m[Kerror: [m[Kno declaration matches â€˜[01m[Kvoid rovo_can_driver::RovoCanSystem::[01;32m[Ksend_safe_tx_frame[m[K()[m[Kâ€™
[3.509s]   347 | void [01;31m[KRovoCanSystem[m[K::send_safe_tx_frame()
[3.509s]       |      [01;31m[K^~~~~~~~~~~~~[m[K
[3.509s] [01m[K/home/kevin/Desktop/rovo_ur_ws/src/rovo_can_driver/src/rovo_can_system.cpp:347:6:[m[K [01;36m[Knote: [m[Kno functions named â€˜[01m[Kvoid rovo_can_driver::RovoCanSystem::[01;32m[Ksend_safe_tx_frame[m[K()[m[Kâ€™
[3.510s] [01m[K/home/kevin/Desktop/rovo_ur_ws/src/rovo_can_driver/include/rovo_can_driver/rovo_can_system.hpp:21:7:[m[K [01;36m[Knote: [m[Kâ€˜[01m[Kclass rovo_can_driver::RovoCanSystem[m[Kâ€™ defined here
[3.510s]    21 | class [01;36m[KRovoCanSystem[m[K : public hardware_interface::SystemInterface
[3.510s]       |       [01;36m[K^~~~~~~~~~~~~[m[K
[5.334s] gmake[2]: *** [CMakeFiles/rovo_can_driver.dir/build.make:76: CMakeFiles/rovo_can_driver.dir/src/rovo_can_system.cpp.o] Error 1
[5.335s] gmake[1]: *** [CMakeFiles/Makefile2:137: CMakeFiles/rovo_can_driver.dir/all] Error 2
[5.336s] gmake: *** [Makefile:146: all] Error 2
[5.339s] Invoked command in '/home/kevin/Desktop/rovo_ur_ws/build/rovo_can_driver' returned '2': CMAKE_PREFIX_PATH=${CMAKE_PREFIX_PATH}:/opt/ros/jazzy DEBUGINFOD_URLS=https://debuginfod.ubuntu.com /usr/bin/cmake --build /home/kevin/Desktop/rovo_ur_ws/build/rovo_can_driver -- -j44 -l44
