[0.019s] Invoking command in '/home/kevin/Desktop/rovo_ur_ws/build/rovo_can_driver': CMAKE_PREFIX_PATH=${CMAKE_PREFIX_PATH}:/opt/ros/jazzy DEBUGINFOD_URLS=https://debuginfod.ubuntu.com /usr/bin/cmake --build /home/kevin/Desktop/rovo_ur_ws/build/rovo_can_driver -- -j44 -l44
[0.130s] [ 50%] [32mBuilding CXX object CMakeFiles/rovo_can_driver.dir/src/rovo_can_system.cpp.o[0m
[3.397s] In file included from [01m[K/home/kevin/Desktop/rovo_ur_ws/src/rovo_can_driver/src/rovo_can_system.cpp:1[m[K:
[3.397s] [01m[K/home/kevin/Desktop/rovo_ur_ws/src/rovo_can_driver/include/rovo_can_driver/rovo_can_system.hpp:53:41:[m[K [01;31m[Kerror: [m[Kâ€˜[01m[Kcan_frame[m[Kâ€™ in namespace â€˜[01m[K::[m[Kâ€™ does not name a type
[3.397s]    53 |   void process_can_frame(const struct ::[01;31m[Kcan_frame[m[K & frame);
[3.397s]       |                                         [01;31m[K^~~~~~~~~[m[K
[3.474s] [01m[K/home/kevin/Desktop/rovo_ur_ws/src/rovo_can_driver/src/rovo_can_system.cpp:[m[K In member function â€˜[01m[Kvirtual hardware_interface::CallbackReturn rovo_can_driver::RovoCanSystem::[01;32m[Kon_init[m[K(const hardware_interface::HardwareComponentInterfaceParams&)[m[Kâ€™:
[3.474s] [01m[K/home/kevin/Desktop/rovo_ur_ws/src/rovo_can_driver/src/rovo_can_system.cpp:58:9:[m[K [01;31m[Kerror: [m[Kâ€˜[01m[Krequested_driving_stage_[m[Kâ€™ was not declared in this scope
[3.474s]    58 |         [01;31m[Krequested_driving_stage_[m[K = static_cast<uint8_t>(std::stoi(value));
[3.475s]       |         [01;31m[K^~~~~~~~~~~~~~~~~~~~~~~~[m[K
[3.484s] [01m[K/home/kevin/Desktop/rovo_ur_ws/src/rovo_can_driver/src/rovo_can_system.cpp:60:9:[m[K [01;31m[Kerror: [m[Kâ€˜[01m[Kenable_tx_[m[Kâ€™ was not declared in this scope
[3.484s]    60 |         [01;31m[Kenable_tx_[m[K = (value == "true" || value == "True" || value == "1");
[3.484s]       |         [01;31m[K^~~~~~~~~~[m[K
[3.499s] [01m[K/home/kevin/Desktop/rovo_ur_ws/src/rovo_can_driver/src/rovo_can_system.cpp:62:9:[m[K [01;31m[Kerror: [m[Kâ€˜[01m[Kexternal_password_[m[Kâ€™ was not declared in this scope
[3.499s]    62 |         [01;31m[Kexternal_password_[m[K = value;
[3.499s]       |         [01;31m[K^~~~~~~~~~~~~~~~~~[m[K
[3.510s] [01m[K/home/kevin/Desktop/rovo_ur_ws/src/rovo_can_driver/src/rovo_can_system.cpp:81:3:[m[K [01;31m[Kerror: [m[Kâ€˜[01m[Kcontrol_phase_[m[Kâ€™ was not declared in this scope
[3.511s]    81 |   [01;31m[Kcontrol_phase_[m[K     = ExternalControlPhase::WAITING_FOR_READY;
[3.511s]       |   [01;31m[K^~~~~~~~~~~~~~[m[K
[3.511s] [01m[K/home/kevin/Desktop/rovo_ur_ws/src/rovo_can_driver/src/rovo_can_system.cpp:81:24:[m[K [01;31m[Kerror: [m[Kâ€˜[01m[KExternalControlPhase[m[Kâ€™ has not been declared
[3.511s]    81 |   control_phase_     = [01;31m[KExternalControlPhase[m[K::WAITING_FOR_READY;
[3.512s]       |                        [01;31m[K^~~~~~~~~~~~~~~~~~~~[m[K
[3.522s] [01m[K/home/kevin/Desktop/rovo_ur_ws/src/rovo_can_driver/src/rovo_can_system.cpp:83:3:[m[K [01;31m[Kerror: [m[Kâ€˜[01m[Kpassword_sent_[m[Kâ€™ was not declared in this scope
[3.522s]    83 |   [01;31m[Kpassword_sent_[m[K     = false;
[3.522s]       |   [01;31m[K^~~~~~~~~~~~~~[m[K
[3.541s] In file included from [01m[K/opt/ros/jazzy/include/rcl/rcl/timer.h:34[m[K,
[3.541s]                  from [01m[K/opt/ros/jazzy/include/rcl/rcl/wait.h:33[m[K,
[3.541s]                  from [01m[K/opt/ros/jazzy/include/rcl/rcl/rcl.h:80[m[K,
[3.542s]                  from [01m[K/opt/ros/jazzy/include/rcl_lifecycle/rcl_lifecycle/data_types.h:18[m[K,
[3.542s]                  from [01m[K/opt/ros/jazzy/include/rclcpp_lifecycle/rclcpp_lifecycle/state.hpp:21[m[K,
[3.542s]                  from [01m[K/home/kevin/Desktop/rovo_ur_ws/src/rovo_can_driver/include/rovo_can_driver/rovo_can_system.hpp:10[m[K:
[3.542s] [01m[K/home/kevin/Desktop/rovo_ur_ws/src/rovo_can_driver/src/rovo_can_system.cpp:100:27:[m[K [01;31m[Kerror: [m[Kâ€˜[01m[Krequested_driving_stage_[m[Kâ€™ was not declared in this scope
[3.543s]   100 |     static_cast<unsigned>([01;31m[Krequested_driving_stage_[m[K),
[3.543s]       |                           [01;31m[K^~~~~~~~~~~~~~~~~~~~~~~~[m[K
[3.550s] [01m[K/home/kevin/Desktop/rovo_ur_ws/src/rovo_can_driver/src/rovo_can_system.cpp:101:5:[m[K [01;31m[Kerror: [m[Kâ€˜[01m[Kenable_tx_[m[Kâ€™ was not declared in this scope
[3.550s]   101 |     [01;31m[Kenable_tx_[m[K ? "true" : "false");
[3.550s]       |     [01;31m[K^~~~~~~~~~[m[K
[3.565s] [01m[K/home/kevin/Desktop/rovo_ur_ws/src/rovo_can_driver/src/rovo_can_system.cpp:[m[K In member function â€˜[01m[Kvirtual hardware_interface::CallbackReturn rovo_can_driver::RovoCanSystem::[01;32m[Kon_activate[m[K(const rclcpp_lifecycle::State&)[m[Kâ€™:
[3.565s] [01m[K/home/kevin/Desktop/rovo_ur_ws/src/rovo_can_driver/src/rovo_can_system.cpp:172:3:[m[K [01;31m[Kerror: [m[Kâ€˜[01m[Kcontrol_phase_[m[Kâ€™ was not declared in this scope
[3.566s]   172 |   [01;31m[Kcontrol_phase_[m[K        = ExternalControlPhase::WAITING_FOR_READY;
[3.566s]       |   [01;31m[K^~~~~~~~~~~~~~[m[K
[3.566s] [01m[K/home/kevin/Desktop/rovo_ur_ws/src/rovo_can_driver/src/rovo_can_system.cpp:172:27:[m[K [01;31m[Kerror: [m[Kâ€˜[01m[KExternalControlPhase[m[Kâ€™ has not been declared
[3.566s]   172 |   control_phase_        = [01;31m[KExternalControlPhase[m[K::WAITING_FOR_READY;
[3.567s]       |                           [01;31m[K^~~~~~~~~~~~~~~~~~~~[m[K
[3.576s] [01m[K/home/kevin/Desktop/rovo_ur_ws/src/rovo_can_driver/src/rovo_can_system.cpp:174:3:[m[K [01;31m[Kerror: [m[Kâ€˜[01m[Kpassword_sent_[m[Kâ€™ was not declared in this scope
[3.576s]   174 |   [01;31m[Kpassword_sent_[m[K        = false;
[3.577s]       |   [01;31m[K^~~~~~~~~~~~~~[m[K
[3.590s] [01m[K/home/kevin/Desktop/rovo_ur_ws/src/rovo_can_driver/src/rovo_can_system.cpp:175:3:[m[K [01;31m[Kerror: [m[Kâ€˜[01m[Ktx_warning_logged_[m[Kâ€™ was not declared in this scope
[3.590s]   175 |   [01;31m[Ktx_warning_logged_[m[K    = false;
[3.590s]       |   [01;31m[K^~~~~~~~~~~~~~~~~~[m[K
[3.592s] [01m[K/home/kevin/Desktop/rovo_ur_ws/src/rovo_can_driver/src/rovo_can_system.cpp:[m[K In member function â€˜[01m[Kvirtual hardware_interface::return_type rovo_can_driver::RovoCanSystem::[01;32m[Kread[m[K(const rclcpp::Time&, const rclcpp::Duration&)[m[Kâ€™:
[3.593s] [01m[K/home/kevin/Desktop/rovo_ur_ws/src/rovo_can_driver/src/rovo_can_system.cpp:216:25:[m[K [01;31m[Kerror: [m[Kcannot convert â€˜[01m[Kcan_frame[m[Kâ€™ to â€˜[01m[Kconst int&[m[Kâ€™
[3.593s]   216 |       process_can_frame([01;31m[Kframe[m[K);
[3.593s]       |                         [01;31m[K^~~~~[m[K
[3.593s]       |                         [01;31m[K|[m[K
[3.594s]       |                         [01;31m[Kcan_frame[m[K
[3.594s] [01m[K/home/kevin/Desktop/rovo_ur_ws/src/rovo_can_driver/include/rovo_can_driver/rovo_can_system.hpp:53:53:[m[K [01;36m[Knote: [m[K  initializing argument 1 of â€˜[01m[Kvoid rovo_can_driver::RovoCanSystem::[01;32m[Kprocess_can_frame[m[K(const int&)[m[Kâ€™
[3.594s]    53 |   void process_can_frame([01;36m[Kconst struct ::can_frame & frame[m[K);
[3.594s]       |                          [01;36m[K~~~~~~~~~~~~~~~~~~~~~~~~~~~^~~~~[m[K
[3.601s] [01m[K/home/kevin/Desktop/rovo_ur_ws/src/rovo_can_driver/src/rovo_can_system.cpp:[m[K In member function â€˜[01m[Kvirtual hardware_interface::return_type rovo_can_driver::RovoCanSystem::[01;32m[Kwrite[m[K(const rclcpp::Time&, const rclcpp::Duration&)[m[Kâ€™:
[3.601s] [01m[K/home/kevin/Desktop/rovo_ur_ws/src/rovo_can_driver/src/rovo_can_system.cpp:242:8:[m[K [01;31m[Kerror: [m[Kâ€˜[01m[Kenable_tx_[m[Kâ€™ was not declared in this scope
[3.602s]   242 |   if (![01;31m[Kenable_tx_[m[K) {
[3.602s]       |        [01;31m[K^~~~~~~~~~[m[K
[3.615s] [01m[K/home/kevin/Desktop/rovo_ur_ws/src/rovo_can_driver/src/rovo_can_system.cpp:243:10:[m[K [01;31m[Kerror: [m[Kâ€˜[01m[Ktx_warning_logged_[m[Kâ€™ was not declared in this scope
[3.616s]   243 |     if (![01;31m[Ktx_warning_logged_[m[K) {
[3.616s]       |          [01;31m[K^~~~~~~~~~~~~~~~~~[m[K
[3.625s] [01m[K/home/kevin/Desktop/rovo_ur_ws/src/rovo_can_driver/src/rovo_can_system.cpp:253:3:[m[K [01;31m[Kerror: [m[Kâ€˜[01m[Ksend_safe_tx_frame[m[Kâ€™ was not declared in this scope; did you mean â€˜[01m[Ksend_speed_frame[m[Kâ€™?
[3.626s]   253 |   [01;31m[Ksend_safe_tx_frame[m[K();
[3.626s]       |   [01;31m[K^~~~~~~~~~~~~~~~~~[m[K
[3.626s]       |   [32m[Ksend_speed_frame[m[K
[3.628s] [01m[K/home/kevin/Desktop/rovo_ur_ws/src/rovo_can_driver/src/rovo_can_system.cpp:[m[K At global scope:
[3.629s] [01m[K/home/kevin/Desktop/rovo_ur_ws/src/rovo_can_driver/src/rovo_can_system.cpp:314:6:[m[K [01;31m[Kerror: [m[Kno declaration matches â€˜[01m[Kvoid rovo_can_driver::RovoCanSystem::[01;32m[Kprocess_can_frame[m[K(const can_frame&)[m[Kâ€™
[3.629s]   314 | void [01;31m[KRovoCanSystem[m[K::process_can_frame(const struct ::can_frame & frame)
[3.629s]       |      [01;31m[K^~~~~~~~~~~~~[m[K
[3.629s] [01m[K/home/kevin/Desktop/rovo_ur_ws/src/rovo_can_driver/include/rovo_can_driver/rovo_can_system.hpp:53:8:[m[K [01;36m[Knote: [m[Kcandidate is: â€˜[01m[Kvoid rovo_can_driver::RovoCanSystem::[01;32m[Kprocess_can_frame[m[K(const int&)[m[Kâ€™
[3.630s]    53 |   void [01;36m[Kprocess_can_frame[m[K(const struct ::can_frame & frame);
[3.630s]       |        [01;36m[K^~~~~~~~~~~~~~~~~[m[K
[3.630s] [01m[K/home/kevin/Desktop/rovo_ur_ws/src/rovo_can_driver/include/rovo_can_driver/rovo_can_system.hpp:19:7:[m[K [01;36m[Knote: [m[Kâ€˜[01m[Kclass rovo_can_driver::RovoCanSystem[m[Kâ€™ defined here
[3.630s]    19 | class [01;36m[KRovoCanSystem[m[K : public hardware_interface::SystemInterface
[3.631s]       |       [01;36m[K^~~~~~~~~~~~~[m[K
[3.631s] [01m[K/home/kevin/Desktop/rovo_ur_ws/src/rovo_can_driver/src/rovo_can_system.cpp:362:6:[m[K [01;31m[Kerror: [m[Kno declaration matches â€˜[01m[Kvoid rovo_can_driver::RovoCanSystem::[01;32m[Ksend_safe_tx_frame[m[K()[m[Kâ€™
[3.631s]   362 | void [01;31m[KRovoCanSystem[m[K::send_safe_tx_frame()
[3.631s]       |      [01;31m[K^~~~~~~~~~~~~[m[K
[3.632s] [01m[K/home/kevin/Desktop/rovo_ur_ws/src/rovo_can_driver/src/rovo_can_system.cpp:362:6:[m[K [01;36m[Knote: [m[Kno functions named â€˜[01m[Kvoid rovo_can_driver::RovoCanSystem::[01;32m[Ksend_safe_tx_frame[m[K()[m[Kâ€™
[3.632s] [01m[K/home/kevin/Desktop/rovo_ur_ws/src/rovo_can_driver/include/rovo_can_driver/rovo_can_system.hpp:19:7:[m[K [01;36m[Knote: [m[Kâ€˜[01m[Kclass rovo_can_driver::RovoCanSystem[m[Kâ€™ defined here
[3.632s]    19 | class [01;36m[KRovoCanSystem[m[K : public hardware_interface::SystemInterface
[3.632s]       |       [01;36m[K^~~~~~~~~~~~~[m[K
[3.632s] [01m[K/home/kevin/Desktop/rovo_ur_ws/src/rovo_can_driver/src/rovo_can_system.cpp:405:6:[m[K [01;31m[Kerror: [m[Kno declaration matches â€˜[01m[Kvoid rovo_can_driver::RovoCanSystem::[01;32m[Ksend_ec_tpdo1[m[K(uint8_t, uint8_t, uint8_t)[m[Kâ€™
[3.633s]   405 | void [01;31m[KRovoCanSystem[m[K::send_ec_tpdo1(
[3.633s]       |      [01;31m[K^~~~~~~~~~~~~[m[K
[3.633s] [01m[K/home/kevin/Desktop/rovo_ur_ws/src/rovo_can_driver/src/rovo_can_system.cpp:405:6:[m[K [01;36m[Knote: [m[Kno functions named â€˜[01m[Kvoid rovo_can_driver::RovoCanSystem::[01;32m[Ksend_ec_tpdo1[m[K(uint8_t, uint8_t, uint8_t)[m[Kâ€™
[3.633s] [01m[K/home/kevin/Desktop/rovo_ur_ws/src/rovo_can_driver/include/rovo_can_driver/rovo_can_system.hpp:19:7:[m[K [01;36m[Knote: [m[Kâ€˜[01m[Kclass rovo_can_driver::RovoCanSystem[m[Kâ€™ defined here
[3.633s]    19 | class [01;36m[KRovoCanSystem[m[K : public hardware_interface::SystemInterface
[3.634s]       |       [01;36m[K^~~~~~~~~~~~~[m[K
[3.634s] [01m[K/home/kevin/Desktop/rovo_ur_ws/src/rovo_can_driver/src/rovo_can_system.cpp:431:6:[m[K [01;31m[Kerror: [m[Kno declaration matches â€˜[01m[Kvoid rovo_can_driver::RovoCanSystem::[01;32m[Ksend_ec_tpdo2_rpm[m[K()[m[Kâ€™
[3.634s]   431 | void [01;31m[KRovoCanSystem[m[K::send_ec_tpdo2_rpm()
[3.634s]       |      [01;31m[K^~~~~~~~~~~~~[m[K
[3.635s] [01m[K/home/kevin/Desktop/rovo_ur_ws/src/rovo_can_driver/src/rovo_can_system.cpp:431:6:[m[K [01;36m[Knote: [m[Kno functions named â€˜[01m[Kvoid rovo_can_driver::RovoCanSystem::[01;32m[Ksend_ec_tpdo2_rpm[m[K()[m[Kâ€™
[3.635s] [01m[K/home/kevin/Desktop/rovo_ur_ws/src/rovo_can_driver/include/rovo_can_driver/rovo_can_system.hpp:19:7:[m[K [01;36m[Knote: [m[Kâ€˜[01m[Kclass rovo_can_driver::RovoCanSystem[m[Kâ€™ defined here
[3.635s]    19 | class [01;36m[KRovoCanSystem[m[K : public hardware_interface::SystemInterface
[3.635s]       |       [01;36m[K^~~~~~~~~~~~~[m[K
[3.635s] [01m[K/home/kevin/Desktop/rovo_ur_ws/src/rovo_can_driver/src/rovo_can_system.cpp:511:6:[m[K [01;31m[Kerror: [m[Kno declaration matches â€˜[01m[Kvoid rovo_can_driver::RovoCanSystem::[01;32m[Ksend_password_frame[m[K()[m[Kâ€™
[3.636s]   511 | void [01;31m[KRovoCanSystem[m[K::send_password_frame()
[3.636s]       |      [01;31m[K^~~~~~~~~~~~~[m[K
[3.636s] [01m[K/home/kevin/Desktop/rovo_ur_ws/src/rovo_can_driver/src/rovo_can_system.cpp:511:6:[m[K [01;36m[Knote: [m[Kno functions named â€˜[01m[Kvoid rovo_can_driver::RovoCanSystem::[01;32m[Ksend_password_frame[m[K()[m[Kâ€™
[3.636s] [01m[K/home/kevin/Desktop/rovo_ur_ws/src/rovo_can_driver/include/rovo_can_driver/rovo_can_system.hpp:19:7:[m[K [01;36m[Knote: [m[Kâ€˜[01m[Kclass rovo_can_driver::RovoCanSystem[m[Kâ€™ defined here
[3.637s]    19 | class [01;36m[KRovoCanSystem[m[K : public hardware_interface::SystemInterface
[3.637s]       |       [01;36m[K^~~~~~~~~~~~~[m[K
[5.365s] gmake[2]: *** [CMakeFiles/rovo_can_driver.dir/build.make:76: CMakeFiles/rovo_can_driver.dir/src/rovo_can_system.cpp.o] Error 1
[5.366s] gmake[1]: *** [CMakeFiles/Makefile2:137: CMakeFiles/rovo_can_driver.dir/all] Error 2
[5.366s] gmake: *** [Makefile:146: all] Error 2
[5.370s] Invoked command in '/home/kevin/Desktop/rovo_ur_ws/build/rovo_can_driver' returned '2': CMAKE_PREFIX_PATH=${CMAKE_PREFIX_PATH}:/opt/ros/jazzy DEBUGINFOD_URLS=https://debuginfod.ubuntu.com /usr/bin/cmake --build /home/kevin/Desktop/rovo_ur_ws/build/rovo_can_driver -- -j44 -l44
