[01m[K/home/kevin/Desktop/rovo_ur_ws/src/rovo_can_driver/src/rovo_can_system.cpp:[m[K In member function â€˜[01m[Kvirtual hardware_interface::CallbackReturn rovo_can_driver::RovoCanSystem::[01;32m[Kon_init[m[K(const hardware_interface::HardwareComponentInterfaceParams&)[m[Kâ€™:
[01m[K/home/kevin/Desktop/rovo_ur_ws/src/rovo_can_driver/src/rovo_can_system.cpp:42:34:[m[K [01;31m[Kerror: [m[Kâ€˜[01m[Kconst struct hardware_interface::HardwareInfo[m[Kâ€™ has no member named â€˜[01m[Kparameters[m[Kâ€™
   42 |   for (const auto & param : info.[01;31m[Kparameters[m[K) {
      |                                  [01;31m[K^~~~~~~~~~[m[K
[01m[K/home/kevin/Desktop/rovo_ur_ws/src/rovo_can_driver/src/rovo_can_system.cpp:[m[K In member function â€˜[01m[Kvirtual hardware_interface::return_type rovo_can_driver::RovoCanSystem::[01;32m[Kread[m[K(const rclcpp::Time&, const rclcpp::Duration&)[m[Kâ€™:
[01m[K/home/kevin/Desktop/rovo_ur_ws/src/rovo_can_driver/src/rovo_can_system.cpp:183:22:[m[K [01;31m[Kerror: [m[Kaggregate â€˜[01m[Krovo_can_driver::can_frame frame[m[Kâ€™ has incomplete type and cannot be defined
  183 |     struct can_frame [01;31m[Kframe[m[K;
      |                      [01;31m[K^~~~~[m[K
[01m[K/home/kevin/Desktop/rovo_ur_ws/src/rovo_can_driver/src/rovo_can_system.cpp:200:40:[m[K [01;31m[Kerror: [m[Kinvalid application of â€˜[01m[Ksizeof[m[Kâ€™ to incomplete type â€˜[01m[Krovo_can_driver::can_frame[m[Kâ€™
  200 |     if (static_cast<size_t>(nbytes) == [01;31m[Ksizeof(struct can_frame)[m[K) {
      |                                        [01;31m[K^~~~~~~~~~~~~~~~~~~~~~~~[m[K
[01m[K/home/kevin/Desktop/rovo_ur_ws/src/rovo_can_driver/src/rovo_can_system.cpp:[m[K In member function â€˜[01m[Kvoid rovo_can_driver::RovoCanSystem::[01;32m[Kprocess_can_frame[m[K(const rovo_can_driver::can_frame&)[m[Kâ€™:
[01m[K/home/kevin/Desktop/rovo_ur_ws/src/rovo_can_driver/src/rovo_can_system.cpp:305:19:[m[K [01;31m[Kerror: [m[Kinvalid use of incomplete type â€˜[01m[Kconst struct rovo_can_driver::can_frame[m[Kâ€™
  305 |   const auto id = [01;31m[Kframe[m[K.can_id & CAN_SFF_MASK;
      |                   [01;31m[K^~~~~[m[K
In file included from [01m[K/home/kevin/Desktop/rovo_ur_ws/src/rovo_can_driver/src/rovo_can_system.cpp:1[m[K:
[01m[K/home/kevin/Desktop/rovo_ur_ws/src/rovo_can_driver/include/rovo_can_driver/rovo_can_system.hpp:48:39:[m[K [01;36m[Knote: [m[Kforward declaration of â€˜[01m[Kstruct rovo_can_driver::can_frame[m[Kâ€™
   48 |   void process_can_frame(const struct [01;36m[Kcan_frame[m[K & frame);
      |                                       [01;36m[K^~~~~~~~~[m[K
[01m[K/home/kevin/Desktop/rovo_ur_ws/src/rovo_can_driver/src/rovo_can_system.cpp:319:11:[m[K [01;31m[Kerror: [m[Kinvalid use of incomplete type â€˜[01m[Kconst struct rovo_can_driver::can_frame[m[Kâ€™
  319 |       if ([01;31m[Kframe[m[K.can_dlc >= 7) {
      |           [01;31m[K^~~~~[m[K
[01m[K/home/kevin/Desktop/rovo_ur_ws/src/rovo_can_driver/include/rovo_can_driver/rovo_can_system.hpp:48:39:[m[K [01;36m[Knote: [m[Kforward declaration of â€˜[01m[Kstruct rovo_can_driver::can_frame[m[Kâ€™
   48 |   void process_can_frame(const struct [01;36m[Kcan_frame[m[K & frame);
      |                                       [01;36m[K^~~~~~~~~[m[K
[01m[K/home/kevin/Desktop/rovo_ur_ws/src/rovo_can_driver/src/rovo_can_system.cpp:320:27:[m[K [01;31m[Kerror: [m[Kinvalid use of incomplete type â€˜[01m[Kconst struct rovo_can_driver::can_frame[m[Kâ€™
  320 |         main_state_     = [01;31m[Kframe[m[K.data[0];
      |                           [01;31m[K^~~~~[m[K
[01m[K/home/kevin/Desktop/rovo_ur_ws/src/rovo_can_driver/include/rovo_can_driver/rovo_can_system.hpp:48:39:[m[K [01;36m[Knote: [m[Kforward declaration of â€˜[01m[Kstruct rovo_can_driver::can_frame[m[Kâ€™
   48 |   void process_can_frame(const struct [01;36m[Kcan_frame[m[K & frame);
      |                                       [01;36m[K^~~~~~~~~[m[K
[01m[K/home/kevin/Desktop/rovo_ur_ws/src/rovo_can_driver/src/rovo_can_system.cpp:321:27:[m[K [01;31m[Kerror: [m[Kinvalid use of incomplete type â€˜[01m[Kconst struct rovo_can_driver::can_frame[m[Kâ€™
  321 |         driving_stage_  = [01;31m[Kframe[m[K.data[1];
      |                           [01;31m[K^~~~~[m[K
[01m[K/home/kevin/Desktop/rovo_ur_ws/src/rovo_can_driver/include/rovo_can_driver/rovo_can_system.hpp:48:39:[m[K [01;36m[Knote: [m[Kforward declaration of â€˜[01m[Kstruct rovo_can_driver::can_frame[m[Kâ€™
   48 |   void process_can_frame(const struct [01;36m[Kcan_frame[m[K & frame);
      |                                       [01;36m[K^~~~~~~~~[m[K
[01m[K/home/kevin/Desktop/rovo_ur_ws/src/rovo_can_driver/src/rovo_can_system.cpp:322:27:[m[K [01;31m[Kerror: [m[Kinvalid use of incomplete type â€˜[01m[Kconst struct rovo_can_driver::can_frame[m[Kâ€™
  322 |         unlock_state_   = [01;31m[Kframe[m[K.data[2];
      |                           [01;31m[K^~~~~[m[K
[01m[K/home/kevin/Desktop/rovo_ur_ws/src/rovo_can_driver/include/rovo_can_driver/rovo_can_system.hpp:48:39:[m[K [01;36m[Knote: [m[Kforward declaration of â€˜[01m[Kstruct rovo_can_driver::can_frame[m[Kâ€™
   48 |   void process_can_frame(const struct [01;36m[Kcan_frame[m[K & frame);
      |                                       [01;36m[K^~~~~~~~~[m[K
[01m[K/home/kevin/Desktop/rovo_ur_ws/src/rovo_can_driver/src/rovo_can_system.cpp:324:27:[m[K [01;31m[Kerror: [m[Kinvalid use of incomplete type â€˜[01m[Kconst struct rovo_can_driver::can_frame[m[Kâ€™
  324 |         drive_mode_     = [01;31m[Kframe[m[K.data[6];
      |                           [01;31m[K^~~~~[m[K
[01m[K/home/kevin/Desktop/rovo_ur_ws/src/rovo_can_driver/include/rovo_can_driver/rovo_can_system.hpp:48:39:[m[K [01;36m[Knote: [m[Kforward declaration of â€˜[01m[Kstruct rovo_can_driver::can_frame[m[Kâ€™
   48 |   void process_can_frame(const struct [01;36m[Kcan_frame[m[K & frame);
      |                                       [01;36m[K^~~~~~~~~[m[K
[01m[K/home/kevin/Desktop/rovo_ur_ws/src/rovo_can_driver/src/rovo_can_system.cpp:336:11:[m[K [01;31m[Kerror: [m[Kinvalid use of incomplete type â€˜[01m[Kconst struct rovo_can_driver::can_frame[m[Kâ€™
  336 |       if ([01;31m[Kframe[m[K.can_dlc >= 8) {
      |           [01;31m[K^~~~~[m[K
[01m[K/home/kevin/Desktop/rovo_ur_ws/src/rovo_can_driver/include/rovo_can_driver/rovo_can_system.hpp:48:39:[m[K [01;36m[Knote: [m[Kforward declaration of â€˜[01m[Kstruct rovo_can_driver::can_frame[m[Kâ€™
   48 |   void process_can_frame(const struct [01;36m[Kcan_frame[m[K & frame);
      |                                       [01;36m[K^~~~~~~~~[m[K
[01m[K/home/kevin/Desktop/rovo_ur_ws/src/rovo_can_driver/src/rovo_can_system.cpp:342:47:[m[K [01;31m[Kerror: [m[Kinvalid use of incomplete type â€˜[01m[Kconst struct rovo_can_driver::can_frame[m[Kâ€™
  342 |         const int16_t speed_left_rpm   = le16([01;31m[Kframe[m[K.data[0], frame.data[1]);
      |                                               [01;31m[K^~~~~[m[K
[01m[K/home/kevin/Desktop/rovo_ur_ws/src/rovo_can_driver/include/rovo_can_driver/rovo_can_system.hpp:48:39:[m[K [01;36m[Knote: [m[Kforward declaration of â€˜[01m[Kstruct rovo_can_driver::can_frame[m[Kâ€™
   48 |   void process_can_frame(const struct [01;36m[Kcan_frame[m[K & frame);
      |                                       [01;36m[K^~~~~~~~~[m[K
[01m[K/home/kevin/Desktop/rovo_ur_ws/src/rovo_can_driver/src/rovo_can_system.cpp:342:62:[m[K [01;31m[Kerror: [m[Kinvalid use of incomplete type â€˜[01m[Kconst struct rovo_can_driver::can_frame[m[Kâ€™
  342 |        const int16_t speed_left_rpm   = le16(frame.data[0], [01;31m[Kframe[m[K.data[1]);
      |                                                             [01;31m[K^~~~~[m[K

[01m[K/home/kevin/Desktop/rovo_ur_ws/src/rovo_can_driver/include/rovo_can_driver/rovo_can_system.hpp:48:39:[m[K [01;36m[Knote: [m[Kforward declaration of â€˜[01m[Kstruct rovo_can_driver::can_frame[m[Kâ€™
   48 |   void process_can_frame(const struct [01;36m[Kcan_frame[m[K & frame);
      |                                       [01;36m[K^~~~~~~~~[m[K
[01m[K/home/kevin/Desktop/rovo_ur_ws/src/rovo_can_driver/src/rovo_can_system.cpp:343:47:[m[K [01;31m[Kerror: [m[Kinvalid use of incomplete type â€˜[01m[Kconst struct rovo_can_driver::can_frame[m[Kâ€™
  343 |         const int16_t speed_right_rpm  = le16([01;31m[Kframe[m[K.data[2], frame.data[3]);
      |                                               [01;31m[K^~~~~[m[K
[01m[K/home/kevin/Desktop/rovo_ur_ws/src/rovo_can_driver/include/rovo_can_driver/rovo_can_system.hpp:48:39:[m[K [01;36m[Knote: [m[Kforward declaration of â€˜[01m[Kstruct rovo_can_driver::can_frame[m[Kâ€™
   48 |   void process_can_frame(const struct [01;36m[Kcan_frame[m[K & frame);
      |                                       [01;36m[K^~~~~~~~~[m[K
[01m[K/home/kevin/Desktop/rovo_ur_ws/src/rovo_can_driver/src/rovo_can_system.cpp:343:62:[m[K [01;31m[Kerror: [m[Kinvalid use of incomplete type â€˜[01m[Kconst struct rovo_can_driver::can_frame[m[Kâ€™
  343 |        const int16_t speed_right_rpm  = le16(frame.data[2], [01;31m[Kframe[m[K.data[3]);
      |                                                             [01;31m[K^~~~~[m[K

[01m[K/home/kevin/Desktop/rovo_ur_ws/src/rovo_can_driver/include/rovo_can_driver/rovo_can_system.hpp:48:39:[m[K [01;36m[Knote: [m[Kforward declaration of â€˜[01m[Kstruct rovo_can_driver::can_frame[m[Kâ€™
   48 |   void process_can_frame(const struct [01;36m[Kcan_frame[m[K & frame);
      |                                       [01;36m[K^~~~~~~~~[m[K
[01m[K/home/kevin/Desktop/rovo_ur_ws/src/rovo_can_driver/src/rovo_can_system.cpp:344:47:[m[K [01;31m[Kerror: [m[Kinvalid use of incomplete type â€˜[01m[Kconst struct rovo_can_driver::can_frame[m[Kâ€™
  344 |         const int16_t batt_voltage_raw = le16([01;31m[Kframe[m[K.data[4], frame.data[5]);
      |                                               [01;31m[K^~~~~[m[K
[01m[K/home/kevin/Desktop/rovo_ur_ws/src/rovo_can_driver/include/rovo_can_driver/rovo_can_system.hpp:48:39:[m[K [01;36m[Knote: [m[Kforward declaration of â€˜[01m[Kstruct rovo_can_driver::can_frame[m[Kâ€™
   48 |   void process_can_frame(const struct [01;36m[Kcan_frame[m[K & frame);
      |                                       [01;36m[K^~~~~~~~~[m[K
[01m[K/home/kevin/Desktop/rovo_ur_ws/src/rovo_can_driver/src/rovo_can_system.cpp:344:62:[m[K [01;31m[Kerror: [m[Kinvalid use of incomplete type â€˜[01m[Kconst struct rovo_can_driver::can_frame[m[Kâ€™
  344 |        const int16_t batt_voltage_raw = le16(frame.data[4], [01;31m[Kframe[m[K.data[5]);
      |                                                             [01;31m[K^~~~~[m[K

[01m[K/home/kevin/Desktop/rovo_ur_ws/src/rovo_can_driver/include/rovo_can_driver/rovo_can_system.hpp:48:39:[m[K [01;36m[Knote: [m[Kforward declaration of â€˜[01m[Kstruct rovo_can_driver::can_frame[m[Kâ€™
   48 |   void process_can_frame(const struct [01;36m[Kcan_frame[m[K & frame);
      |                                       [01;36m[K^~~~~~~~~[m[K
[01m[K/home/kevin/Desktop/rovo_ur_ws/src/rovo_can_driver/src/rovo_can_system.cpp:345:47:[m[K [01;31m[Kerror: [m[Kinvalid use of incomplete type â€˜[01m[Kconst struct rovo_can_driver::can_frame[m[Kâ€™
  345 |         const int16_t batt_current_raw = le16([01;31m[Kframe[m[K.data[6], frame.data[7]);
      |                                               [01;31m[K^~~~~[m[K
[01m[K/home/kevin/Desktop/rovo_ur_ws/src/rovo_can_driver/include/rovo_can_driver/rovo_can_system.hpp:48:39:[m[K [01;36m[Knote: [m[Kforward declaration of â€˜[01m[Kstruct rovo_can_driver::can_frame[m[Kâ€™
   48 |   void process_can_frame(const struct [01;36m[Kcan_frame[m[K & frame);
      |                                       [01;36m[K^~~~~~~~~[m[K
[01m[K/home/kevin/Desktop/rovo_ur_ws/src/rovo_can_driver/src/rovo_can_system.cpp:345:62:[m[K [01;31m[Kerror: [m[Kinvalid use of incomplete type â€˜[01m[Kconst struct rovo_can_driver::can_frame[m[Kâ€™
  345 |        const int16_t batt_current_raw = le16(frame.data[6], [01;31m[Kframe[m[K.data[7]);
      |                                                             [01;31m[K^~~~~[m[K

[01m[K/home/kevin/Desktop/rovo_ur_ws/src/rovo_can_driver/include/rovo_can_driver/rovo_can_system.hpp:48:39:[m[K [01;36m[Knote: [m[Kforward declaration of â€˜[01m[Kstruct rovo_can_driver::can_frame[m[Kâ€™
   48 |   void process_can_frame(const struct [01;36m[Kcan_frame[m[K & frame);
      |                                       [01;36m[K^~~~~~~~~[m[K
gmake[2]: *** [CMakeFiles/rovo_can_driver.dir/build.make:76: CMakeFiles/rovo_can_driver.dir/src/rovo_can_system.cpp.o] Error 1
gmake[1]: *** [CMakeFiles/Makefile2:137: CMakeFiles/rovo_can_driver.dir/all] Error 2
gmake: *** [Makefile:146: all] Error 2
