[0.019s] Invoking command in '/home/kevin/Desktop/rovo_ur_ws/build/rovo_can_driver': CMAKE_PREFIX_PATH=${CMAKE_PREFIX_PATH}:/opt/ros/jazzy DEBUGINFOD_URLS=https://debuginfod.ubuntu.com /usr/bin/cmake --build /home/kevin/Desktop/rovo_ur_ws/build/rovo_can_driver -- -j44 -l44
[0.137s] [ 50%] [32mBuilding CXX object CMakeFiles/rovo_can_driver.dir/src/rovo_can_system.cpp.o[0m
[3.858s] In file included from [01m[K/home/kevin/Desktop/rovo_ur_ws/src/rovo_can_driver/src/rovo_can_system.cpp:1[m[K:
[3.858s] [01m[K/home/kevin/Desktop/rovo_ur_ws/src/rovo_can_driver/include/rovo_can_driver/rovo_can_system.hpp:53:41:[m[K [01;31m[Kerror: [m[Kâ€˜[01m[Kcan_frame[m[Kâ€™ in namespace â€˜[01m[K::[m[Kâ€™ does not name a type
[3.858s]    53 |   void process_can_frame(const struct ::[01;31m[Kcan_frame[m[K & frame);
[3.859s]       |                                         [01;31m[K^~~~~~~~~[m[K
[3.913s] [01m[K/home/kevin/Desktop/rovo_ur_ws/src/rovo_can_driver/src/rovo_can_system.cpp:[m[K In member function â€˜[01m[Kvirtual hardware_interface::CallbackReturn rovo_can_driver::RovoCanSystem::[01;32m[Kon_init[m[K(const hardware_interface::HardwareComponentInterfaceParams&)[m[Kâ€™:
[3.913s] [01m[K/home/kevin/Desktop/rovo_ur_ws/src/rovo_can_driver/src/rovo_can_system.cpp:58:9:[m[K [01;31m[Kerror: [m[Kâ€˜[01m[Krequested_driving_stage_[m[Kâ€™ was not declared in this scope
[3.914s]    58 |         [01;31m[Krequested_driving_stage_[m[K = static_cast<uint8_t>(std::stoi(value));
[3.914s]       |         [01;31m[K^~~~~~~~~~~~~~~~~~~~~~~~[m[K
[3.923s] [01m[K/home/kevin/Desktop/rovo_ur_ws/src/rovo_can_driver/src/rovo_can_system.cpp:60:9:[m[K [01;31m[Kerror: [m[Kâ€˜[01m[Kenable_tx_[m[Kâ€™ was not declared in this scope
[3.923s]    60 |         [01;31m[Kenable_tx_[m[K = (value == "true" || value == "True" || value == "1");
[3.923s]       |         [01;31m[K^~~~~~~~~~[m[K
[3.938s] [01m[K/home/kevin/Desktop/rovo_ur_ws/src/rovo_can_driver/src/rovo_can_system.cpp:62:9:[m[K [01;31m[Kerror: [m[Kâ€˜[01m[Kexternal_password_[m[Kâ€™ was not declared in this scope
[3.939s]    62 |         [01;31m[Kexternal_password_[m[K = value;
[3.939s]       |         [01;31m[K^~~~~~~~~~~~~~~~~~[m[K
[3.951s] [01m[K/home/kevin/Desktop/rovo_ur_ws/src/rovo_can_driver/src/rovo_can_system.cpp:81:3:[m[K [01;31m[Kerror: [m[Kâ€˜[01m[Kcontrol_phase_[m[Kâ€™ was not declared in this scope
[3.951s]    81 |   [01;31m[Kcontrol_phase_[m[K     = ExternalControlPhase::WAITING_FOR_READY;
[3.951s]       |   [01;31m[K^~~~~~~~~~~~~~[m[K
[3.952s] [01m[K/home/kevin/Desktop/rovo_ur_ws/src/rovo_can_driver/src/rovo_can_system.cpp:81:24:[m[K [01;31m[Kerror: [m[Kâ€˜[01m[KExternalControlPhase[m[Kâ€™ has not been declared
[3.952s]    81 |   control_phase_     = [01;31m[KExternalControlPhase[m[K::WAITING_FOR_READY;
[3.952s]       |                        [01;31m[K^~~~~~~~~~~~~~~~~~~~[m[K
[3.963s] [01m[K/home/kevin/Desktop/rovo_ur_ws/src/rovo_can_driver/src/rovo_can_system.cpp:83:3:[m[K [01;31m[Kerror: [m[Kâ€˜[01m[Kpassword_sent_[m[Kâ€™ was not declared in this scope
[3.963s]    83 |   [01;31m[Kpassword_sent_[m[K     = false;
[3.963s]       |   [01;31m[K^~~~~~~~~~~~~~[m[K
[3.983s] In file included from [01m[K/opt/ros/jazzy/include/rcl/rcl/timer.h:34[m[K,
[3.983s]                  from [01m[K/opt/ros/jazzy/include/rcl/rcl/wait.h:33[m[K,
[3.984s]                  from [01m[K/opt/ros/jazzy/include/rcl/rcl/rcl.h:80[m[K,
[3.984s]                  from [01m[K/opt/ros/jazzy/include/rcl_lifecycle/rcl_lifecycle/data_types.h:18[m[K,
[3.984s]                  from [01m[K/opt/ros/jazzy/include/rclcpp_lifecycle/rclcpp_lifecycle/state.hpp:21[m[K,
[3.984s]                  from [01m[K/home/kevin/Desktop/rovo_ur_ws/src/rovo_can_driver/include/rovo_can_driver/rovo_can_system.hpp:10[m[K:
[3.984s] [01m[K/home/kevin/Desktop/rovo_ur_ws/src/rovo_can_driver/src/rovo_can_system.cpp:100:27:[m[K [01;31m[Kerror: [m[Kâ€˜[01m[Krequested_driving_stage_[m[Kâ€™ was not declared in this scope
[3.985s]   100 |     static_cast<unsigned>([01;31m[Krequested_driving_stage_[m[K),
[3.985s]       |                           [01;31m[K^~~~~~~~~~~~~~~~~~~~~~~~[m[K
[3.993s] [01m[K/home/kevin/Desktop/rovo_ur_ws/src/rovo_can_driver/src/rovo_can_system.cpp:101:5:[m[K [01;31m[Kerror: [m[Kâ€˜[01m[Kenable_tx_[m[Kâ€™ was not declared in this scope
[3.993s]   101 |     [01;31m[Kenable_tx_[m[K ? "true" : "false");
[3.993s]       |     [01;31m[K^~~~~~~~~~[m[K
[4.009s] [01m[K/home/kevin/Desktop/rovo_ur_ws/src/rovo_can_driver/src/rovo_can_system.cpp:[m[K In member function â€˜[01m[Kvirtual hardware_interface::CallbackReturn rovo_can_driver::RovoCanSystem::[01;32m[Kon_activate[m[K(const rclcpp_lifecycle::State&)[m[Kâ€™:
[4.009s] [01m[K/home/kevin/Desktop/rovo_ur_ws/src/rovo_can_driver/src/rovo_can_system.cpp:171:3:[m[K [01;31m[Kerror: [m[Kâ€˜[01m[Kcontrol_phase_[m[Kâ€™ was not declared in this scope
[4.009s]   171 |   [01;31m[Kcontrol_phase_[m[K    = ExternalControlPhase::WAITING_FOR_READY;
[4.009s]       |   [01;31m[K^~~~~~~~~~~~~~[m[K
[4.010s] [01m[K/home/kevin/Desktop/rovo_ur_ws/src/rovo_can_driver/src/rovo_can_system.cpp:171:23:[m[K [01;31m[Kerror: [m[Kâ€˜[01m[KExternalControlPhase[m[Kâ€™ has not been declared
[4.010s]   171 |   control_phase_    = [01;31m[KExternalControlPhase[m[K::WAITING_FOR_READY;
[4.010s]       |                       [01;31m[K^~~~~~~~~~~~~~~~~~~~[m[K
[4.021s] [01m[K/home/kevin/Desktop/rovo_ur_ws/src/rovo_can_driver/src/rovo_can_system.cpp:173:3:[m[K [01;31m[Kerror: [m[Kâ€˜[01m[Kpassword_sent_[m[Kâ€™ was not declared in this scope
[4.022s]   173 |   [01;31m[Kpassword_sent_[m[K    = false;
[4.022s]       |   [01;31m[K^~~~~~~~~~~~~~[m[K
[4.024s] [01m[K/home/kevin/Desktop/rovo_ur_ws/src/rovo_can_driver/src/rovo_can_system.cpp:[m[K In member function â€˜[01m[Kvirtual hardware_interface::return_type rovo_can_driver::RovoCanSystem::[01;32m[Kread[m[K(const rclcpp::Time&, const rclcpp::Duration&)[m[Kâ€™:
[4.024s] [01m[K/home/kevin/Desktop/rovo_ur_ws/src/rovo_can_driver/src/rovo_can_system.cpp:214:25:[m[K [01;31m[Kerror: [m[Kcannot convert â€˜[01m[Kcan_frame[m[Kâ€™ to â€˜[01m[Kconst int&[m[Kâ€™
[4.024s]   214 |       process_can_frame([01;31m[Kframe[m[K);
[4.025s]       |                         [01;31m[K^~~~~[m[K
[4.025s]       |                         [01;31m[K|[m[K
[4.025s]       |                         [01;31m[Kcan_frame[m[K
[4.025s] [01m[K/home/kevin/Desktop/rovo_ur_ws/src/rovo_can_driver/include/rovo_can_driver/rovo_can_system.hpp:53:53:[m[K [01;36m[Knote: [m[K  initializing argument 1 of â€˜[01m[Kvoid rovo_can_driver::RovoCanSystem::[01;32m[Kprocess_can_frame[m[K(const int&)[m[Kâ€™
[4.026s]    53 |   void process_can_frame([01;36m[Kconst struct ::can_frame & frame[m[K);
[4.026s]       |                          [01;36m[K~~~~~~~~~~~~~~~~~~~~~~~~~~~^~~~~[m[K
[4.034s] [01m[K/home/kevin/Desktop/rovo_ur_ws/src/rovo_can_driver/src/rovo_can_system.cpp:[m[K In member function â€˜[01m[Kvirtual hardware_interface::return_type rovo_can_driver::RovoCanSystem::[01;32m[Kwrite[m[K(const rclcpp::Time&, const rclcpp::Duration&)[m[Kâ€™:
[4.035s] [01m[K/home/kevin/Desktop/rovo_ur_ws/src/rovo_can_driver/src/rovo_can_system.cpp:240:8:[m[K [01;31m[Kerror: [m[Kâ€˜[01m[Kenable_tx_[m[Kâ€™ was not declared in this scope
[4.035s]   240 |   if (![01;31m[Kenable_tx_[m[K) {
[4.035s]       |        [01;31m[K^~~~~~~~~~[m[K
[4.046s] [01m[K/home/kevin/Desktop/rovo_ur_ws/src/rovo_can_driver/src/rovo_can_system.cpp:244:3:[m[K [01;31m[Kerror: [m[Kâ€˜[01m[Ksend_safe_tx_frame[m[Kâ€™ was not declared in this scope; did you mean â€˜[01m[Ksend_speed_frame[m[Kâ€™?
[4.047s]   244 |   [01;31m[Ksend_safe_tx_frame[m[K();
[4.047s]       |   [01;31m[K^~~~~~~~~~~~~~~~~~[m[K
[4.047s]       |   [32m[Ksend_speed_frame[m[K
[4.050s] [01m[K/home/kevin/Desktop/rovo_ur_ws/src/rovo_can_driver/src/rovo_can_system.cpp:[m[K At global scope:
[4.050s] [01m[K/home/kevin/Desktop/rovo_ur_ws/src/rovo_can_driver/src/rovo_can_system.cpp:305:6:[m[K [01;31m[Kerror: [m[Kno declaration matches â€˜[01m[Kvoid rovo_can_driver::RovoCanSystem::[01;32m[Kprocess_can_frame[m[K(const can_frame&)[m[Kâ€™
[4.050s]   305 | void [01;31m[KRovoCanSystem[m[K::process_can_frame(const struct ::can_frame & frame)
[4.051s]       |      [01;31m[K^~~~~~~~~~~~~[m[K
[4.051s] [01m[K/home/kevin/Desktop/rovo_ur_ws/src/rovo_can_driver/include/rovo_can_driver/rovo_can_system.hpp:53:8:[m[K [01;36m[Knote: [m[Kcandidate is: â€˜[01m[Kvoid rovo_can_driver::RovoCanSystem::[01;32m[Kprocess_can_frame[m[K(const int&)[m[Kâ€™
[4.051s]    53 |   void [01;36m[Kprocess_can_frame[m[K(const struct ::can_frame & frame);
[4.051s]       |        [01;36m[K^~~~~~~~~~~~~~~~~[m[K
[4.051s] [01m[K/home/kevin/Desktop/rovo_ur_ws/src/rovo_can_driver/include/rovo_can_driver/rovo_can_system.hpp:19:7:[m[K [01;36m[Knote: [m[Kâ€˜[01m[Kclass rovo_can_driver::RovoCanSystem[m[Kâ€™ defined here
[4.052s]    19 | class [01;36m[KRovoCanSystem[m[K : public hardware_interface::SystemInterface
[4.052s]       |       [01;36m[K^~~~~~~~~~~~~[m[K
[4.052s] [01m[K/home/kevin/Desktop/rovo_ur_ws/src/rovo_can_driver/src/rovo_can_system.cpp:353:6:[m[K [01;31m[Kerror: [m[Kno declaration matches â€˜[01m[Kvoid rovo_can_driver::RovoCanSystem::[01;32m[Ksend_safe_tx_frame[m[K()[m[Kâ€™
[4.052s]   353 | void [01;31m[KRovoCanSystem[m[K::send_safe_tx_frame()
[4.053s]       |      [01;31m[K^~~~~~~~~~~~~[m[K
[4.053s] [01m[K/home/kevin/Desktop/rovo_ur_ws/src/rovo_can_driver/src/rovo_can_system.cpp:353:6:[m[K [01;36m[Knote: [m[Kno functions named â€˜[01m[Kvoid rovo_can_driver::RovoCanSystem::[01;32m[Ksend_safe_tx_frame[m[K()[m[Kâ€™
[4.053s] [01m[K/home/kevin/Desktop/rovo_ur_ws/src/rovo_can_driver/include/rovo_can_driver/rovo_can_system.hpp:19:7:[m[K [01;36m[Knote: [m[Kâ€˜[01m[Kclass rovo_can_driver::RovoCanSystem[m[Kâ€™ defined here
[4.053s]    19 | class [01;36m[KRovoCanSystem[m[K : public hardware_interface::SystemInterface
[4.054s]       |       [01;36m[K^~~~~~~~~~~~~[m[K
[4.054s] [01m[K/home/kevin/Desktop/rovo_ur_ws/src/rovo_can_driver/src/rovo_can_system.cpp:396:6:[m[K [01;31m[Kerror: [m[Kno declaration matches â€˜[01m[Kvoid rovo_can_driver::RovoCanSystem::[01;32m[Ksend_ec_tpdo1[m[K(uint8_t, uint8_t, uint8_t)[m[Kâ€™
[4.054s]   396 | void [01;31m[KRovoCanSystem[m[K::send_ec_tpdo1(
[4.054s]       |      [01;31m[K^~~~~~~~~~~~~[m[K
[4.054s] [01m[K/home/kevin/Desktop/rovo_ur_ws/src/rovo_can_driver/src/rovo_can_system.cpp:396:6:[m[K [01;36m[Knote: [m[Kno functions named â€˜[01m[Kvoid rovo_can_driver::RovoCanSystem::[01;32m[Ksend_ec_tpdo1[m[K(uint8_t, uint8_t, uint8_t)[m[Kâ€™
[4.055s] [01m[K/home/kevin/Desktop/rovo_ur_ws/src/rovo_can_driver/include/rovo_can_driver/rovo_can_system.hpp:19:7:[m[K [01;36m[Knote: [m[Kâ€˜[01m[Kclass rovo_can_driver::RovoCanSystem[m[Kâ€™ defined here
[4.055s]    19 | class [01;36m[KRovoCanSystem[m[K : public hardware_interface::SystemInterface
[4.055s]       |       [01;36m[K^~~~~~~~~~~~~[m[K
[4.055s] [01m[K/home/kevin/Desktop/rovo_ur_ws/src/rovo_can_driver/src/rovo_can_system.cpp:422:6:[m[K [01;31m[Kerror: [m[Kno declaration matches â€˜[01m[Kvoid rovo_can_driver::RovoCanSystem::[01;32m[Ksend_ec_tpdo2_rpm[m[K()[m[Kâ€™
[4.056s]   422 | void [01;31m[KRovoCanSystem[m[K::send_ec_tpdo2_rpm()
[4.056s]       |      [01;31m[K^~~~~~~~~~~~~[m[K
[4.056s] [01m[K/home/kevin/Desktop/rovo_ur_ws/src/rovo_can_driver/src/rovo_can_system.cpp:422:6:[m[K [01;36m[Knote: [m[Kno functions named â€˜[01m[Kvoid rovo_can_driver::RovoCanSystem::[01;32m[Ksend_ec_tpdo2_rpm[m[K()[m[Kâ€™
[4.056s] [01m[K/home/kevin/Desktop/rovo_ur_ws/src/rovo_can_driver/include/rovo_can_driver/rovo_can_system.hpp:19:7:[m[K [01;36m[Knote: [m[Kâ€˜[01m[Kclass rovo_can_driver::RovoCanSystem[m[Kâ€™ defined here
[4.057s]    19 | class [01;36m[KRovoCanSystem[m[K : public hardware_interface::SystemInterface
[4.057s]       |       [01;36m[K^~~~~~~~~~~~~[m[K
[4.057s] [01m[K/home/kevin/Desktop/rovo_ur_ws/src/rovo_can_driver/src/rovo_can_system.cpp:502:6:[m[K [01;31m[Kerror: [m[Kno declaration matches â€˜[01m[Kvoid rovo_can_driver::RovoCanSystem::[01;32m[Ksend_password_frame[m[K()[m[Kâ€™
[4.057s]   502 | void [01;31m[KRovoCanSystem[m[K::send_password_frame()
[4.057s]       |      [01;31m[K^~~~~~~~~~~~~[m[K
[4.058s] [01m[K/home/kevin/Desktop/rovo_ur_ws/src/rovo_can_driver/src/rovo_can_system.cpp:502:6:[m[K [01;36m[Knote: [m[Kno functions named â€˜[01m[Kvoid rovo_can_driver::RovoCanSystem::[01;32m[Ksend_password_frame[m[K()[m[Kâ€™
[4.058s] [01m[K/home/kevin/Desktop/rovo_ur_ws/src/rovo_can_driver/include/rovo_can_driver/rovo_can_system.hpp:19:7:[m[K [01;36m[Knote: [m[Kâ€˜[01m[Kclass rovo_can_driver::RovoCanSystem[m[Kâ€™ defined here
[4.058s]    19 | class [01;36m[KRovoCanSystem[m[K : public hardware_interface::SystemInterface
[4.058s]       |       [01;36m[K^~~~~~~~~~~~~[m[K
[5.924s] gmake[2]: *** [CMakeFiles/rovo_can_driver.dir/build.make:76: CMakeFiles/rovo_can_driver.dir/src/rovo_can_system.cpp.o] Error 1
[5.924s] gmake[1]: *** [CMakeFiles/Makefile2:137: CMakeFiles/rovo_can_driver.dir/all] Error 2
[5.925s] gmake: *** [Makefile:146: all] Error 2
[5.928s] Invoked command in '/home/kevin/Desktop/rovo_ur_ws/build/rovo_can_driver' returned '2': CMAKE_PREFIX_PATH=${CMAKE_PREFIX_PATH}:/opt/ros/jazzy DEBUGINFOD_URLS=https://debuginfod.ubuntu.com /usr/bin/cmake --build /home/kevin/Desktop/rovo_ur_ws/build/rovo_can_driver -- -j44 -l44
