[0.020s] Invoking command in '/home/kevin/Desktop/rovo_ur_ws/build/rovo_can_driver': CMAKE_PREFIX_PATH=${CMAKE_PREFIX_PATH}:/opt/ros/jazzy DEBUGINFOD_URLS=https://debuginfod.ubuntu.com /usr/bin/cmake /home/kevin/Desktop/rovo_ur_ws/src/rovo_can_driver -DAMENT_CMAKE_SYMLINK_INSTALL=1 -DCMAKE_INSTALL_PREFIX=/home/kevin/Desktop/rovo_ur_ws/install/rovo_can_driver
[0.043s] -- Found ament_cmake: 2.5.4 (/opt/ros/jazzy/share/ament_cmake/cmake)
[1.088s] -- Override CMake install command with custom implementation using symlinks instead of copying resources
[1.114s] -- Found rclcpp: 28.1.12 (/opt/ros/jazzy/share/rclcpp/cmake)
[1.167s] -- Found rosidl_generator_c: 4.6.6 (/opt/ros/jazzy/share/rosidl_generator_c/cmake)
[1.183s] -- Found rosidl_generator_cpp: 4.6.6 (/opt/ros/jazzy/share/rosidl_generator_cpp/cmake)
[1.211s] -- Using all available rosidl_typesupport_c: rosidl_typesupport_fastrtps_c;rosidl_typesupport_introspection_c
[1.242s] -- Using all available rosidl_typesupport_cpp: rosidl_typesupport_fastrtps_cpp;rosidl_typesupport_introspection_cpp
[1.385s] -- Found rmw_implementation_cmake: 7.3.2 (/opt/ros/jazzy/share/rmw_implementation_cmake/cmake)
[1.390s] -- Found rmw_fastrtps_cpp: 8.4.3 (/opt/ros/jazzy/share/rmw_fastrtps_cpp/cmake)
[1.528s] -- Using RMW implementation 'rmw_fastrtps_cpp' as default
[1.671s] -- Found rclcpp_lifecycle: 28.1.12 (/opt/ros/jazzy/share/rclcpp_lifecycle/cmake)
[1.719s] -- Found hardware_interface: 4.38.0 (/opt/ros/jazzy/share/hardware_interface/cmake)
[2.337s] -- Configuring done (2.3s)
[2.372s] -- Generating done (0.0s)
[2.379s] -- Build files have been written to: /home/kevin/Desktop/rovo_ur_ws/build/rovo_can_driver
[2.393s] Invoked command in '/home/kevin/Desktop/rovo_ur_ws/build/rovo_can_driver' returned '0': CMAKE_PREFIX_PATH=${CMAKE_PREFIX_PATH}:/opt/ros/jazzy DEBUGINFOD_URLS=https://debuginfod.ubuntu.com /usr/bin/cmake /home/kevin/Desktop/rovo_ur_ws/src/rovo_can_driver -DAMENT_CMAKE_SYMLINK_INSTALL=1 -DCMAKE_INSTALL_PREFIX=/home/kevin/Desktop/rovo_ur_ws/install/rovo_can_driver
[2.396s] Invoking command in '/home/kevin/Desktop/rovo_ur_ws/build/rovo_can_driver': CMAKE_PREFIX_PATH=${CMAKE_PREFIX_PATH}:/opt/ros/jazzy DEBUGINFOD_URLS=https://debuginfod.ubuntu.com /usr/bin/cmake --build /home/kevin/Desktop/rovo_ur_ws/build/rovo_can_driver -- -j44 -l44
[2.499s] [ 50%] [32mBuilding CXX object CMakeFiles/rovo_can_driver.dir/src/rovo_can_system.cpp.o[0m
[6.028s] [01m[K/home/kevin/Desktop/rovo_ur_ws/src/rovo_can_driver/src/rovo_can_system.cpp:[m[K In member function â€˜[01m[Kvirtual hardware_interface::CallbackReturn rovo_can_driver::RovoCanSystem::[01;32m[Kon_init[m[K(const hardware_interface::HardwareComponentInterfaceParams&)[m[Kâ€™:
[6.029s] [01m[K/home/kevin/Desktop/rovo_ur_ws/src/rovo_can_driver/src/rovo_can_system.cpp:58:9:[m[K [01;31m[Kerror: [m[Kâ€˜[01m[Krequested_driving_stage_[m[Kâ€™ was not declared in this scope
[6.029s]    58 |         [01;31m[Krequested_driving_stage_[m[K = static_cast<uint8_t>(std::stoi(value));
[6.029s]       |         [01;31m[K^~~~~~~~~~~~~~~~~~~~~~~~[m[K
[6.038s] [01m[K/home/kevin/Desktop/rovo_ur_ws/src/rovo_can_driver/src/rovo_can_system.cpp:60:9:[m[K [01;31m[Kerror: [m[Kâ€˜[01m[Kenable_tx_[m[Kâ€™ was not declared in this scope
[6.038s]    60 |         [01;31m[Kenable_tx_[m[K = (value == "true" || value == "True" || value == "1");
[6.038s]       |         [01;31m[K^~~~~~~~~~[m[K
[6.053s] [01m[K/home/kevin/Desktop/rovo_ur_ws/src/rovo_can_driver/src/rovo_can_system.cpp:62:9:[m[K [01;31m[Kerror: [m[Kâ€˜[01m[Kexternal_password_[m[Kâ€™ was not declared in this scope
[6.053s]    62 |         [01;31m[Kexternal_password_[m[K = value;
[6.054s]       |         [01;31m[K^~~~~~~~~~~~~~~~~~[m[K
[6.065s] [01m[K/home/kevin/Desktop/rovo_ur_ws/src/rovo_can_driver/src/rovo_can_system.cpp:81:3:[m[K [01;31m[Kerror: [m[Kâ€˜[01m[Kcontrol_phase_[m[Kâ€™ was not declared in this scope
[6.065s]    81 |   [01;31m[Kcontrol_phase_[m[K     = ExternalControlPhase::WAITING_FOR_READY;
[6.066s]       |   [01;31m[K^~~~~~~~~~~~~~[m[K
[6.066s] [01m[K/home/kevin/Desktop/rovo_ur_ws/src/rovo_can_driver/src/rovo_can_system.cpp:81:24:[m[K [01;31m[Kerror: [m[Kâ€˜[01m[KExternalControlPhase[m[Kâ€™ has not been declared
[6.066s]    81 |   control_phase_     = [01;31m[KExternalControlPhase[m[K::WAITING_FOR_READY;
[6.066s]       |                        [01;31m[K^~~~~~~~~~~~~~~~~~~~[m[K
[6.076s] [01m[K/home/kevin/Desktop/rovo_ur_ws/src/rovo_can_driver/src/rovo_can_system.cpp:83:3:[m[K [01;31m[Kerror: [m[Kâ€˜[01m[Kpassword_sent_[m[Kâ€™ was not declared in this scope
[6.076s]    83 |   [01;31m[Kpassword_sent_[m[K     = false;
[6.077s]       |   [01;31m[K^~~~~~~~~~~~~~[m[K
[6.095s] In file included from [01m[K/opt/ros/jazzy/include/rcl/rcl/timer.h:34[m[K,
[6.095s]                  from [01m[K/opt/ros/jazzy/include/rcl/rcl/wait.h:33[m[K,
[6.095s]                  from [01m[K/opt/ros/jazzy/include/rcl/rcl/rcl.h:80[m[K,
[6.095s]                  from [01m[K/opt/ros/jazzy/include/rcl_lifecycle/rcl_lifecycle/data_types.h:18[m[K,
[6.096s]                  from [01m[K/opt/ros/jazzy/include/rclcpp_lifecycle/rclcpp_lifecycle/state.hpp:21[m[K,
[6.096s]                  from [01m[K/home/kevin/Desktop/rovo_ur_ws/src/rovo_can_driver/include/rovo_can_driver/rovo_can_system.hpp:12[m[K,
[6.096s]                  from [01m[K/home/kevin/Desktop/rovo_ur_ws/src/rovo_can_driver/src/rovo_can_system.cpp:1[m[K:
[6.096s] [01m[K/home/kevin/Desktop/rovo_ur_ws/src/rovo_can_driver/src/rovo_can_system.cpp:100:27:[m[K [01;31m[Kerror: [m[Kâ€˜[01m[Krequested_driving_stage_[m[Kâ€™ was not declared in this scope
[6.097s]   100 |     static_cast<unsigned>([01;31m[Krequested_driving_stage_[m[K),
[6.097s]       |                           [01;31m[K^~~~~~~~~~~~~~~~~~~~~~~~[m[K
[6.104s] [01m[K/home/kevin/Desktop/rovo_ur_ws/src/rovo_can_driver/src/rovo_can_system.cpp:101:5:[m[K [01;31m[Kerror: [m[Kâ€˜[01m[Kenable_tx_[m[Kâ€™ was not declared in this scope
[6.104s]   101 |     [01;31m[Kenable_tx_[m[K ? "true" : "false");
[6.104s]       |     [01;31m[K^~~~~~~~~~[m[K
[6.119s] [01m[K/home/kevin/Desktop/rovo_ur_ws/src/rovo_can_driver/src/rovo_can_system.cpp:[m[K In member function â€˜[01m[Kvirtual hardware_interface::CallbackReturn rovo_can_driver::RovoCanSystem::[01;32m[Kon_activate[m[K(const rclcpp_lifecycle::State&)[m[Kâ€™:
[6.120s] [01m[K/home/kevin/Desktop/rovo_ur_ws/src/rovo_can_driver/src/rovo_can_system.cpp:172:3:[m[K [01;31m[Kerror: [m[Kâ€˜[01m[Kcontrol_phase_[m[Kâ€™ was not declared in this scope
[6.120s]   172 |   [01;31m[Kcontrol_phase_[m[K        = ExternalControlPhase::WAITING_FOR_READY;
[6.120s]       |   [01;31m[K^~~~~~~~~~~~~~[m[K
[6.120s] [01m[K/home/kevin/Desktop/rovo_ur_ws/src/rovo_can_driver/src/rovo_can_system.cpp:172:27:[m[K [01;31m[Kerror: [m[Kâ€˜[01m[KExternalControlPhase[m[Kâ€™ has not been declared
[6.121s]   172 |   control_phase_        = [01;31m[KExternalControlPhase[m[K::WAITING_FOR_READY;
[6.121s]       |                           [01;31m[K^~~~~~~~~~~~~~~~~~~~[m[K
[6.131s] [01m[K/home/kevin/Desktop/rovo_ur_ws/src/rovo_can_driver/src/rovo_can_system.cpp:174:3:[m[K [01;31m[Kerror: [m[Kâ€˜[01m[Kpassword_sent_[m[Kâ€™ was not declared in this scope
[6.132s]   174 |   [01;31m[Kpassword_sent_[m[K        = false;
[6.132s]       |   [01;31m[K^~~~~~~~~~~~~~[m[K
[6.146s] [01m[K/home/kevin/Desktop/rovo_ur_ws/src/rovo_can_driver/src/rovo_can_system.cpp:175:3:[m[K [01;31m[Kerror: [m[Kâ€˜[01m[Ktx_warning_logged_[m[Kâ€™ was not declared in this scope
[6.147s]   175 |   [01;31m[Ktx_warning_logged_[m[K    = false;
[6.147s]       |   [01;31m[K^~~~~~~~~~~~~~~~~~[m[K
[6.159s] [01m[K/home/kevin/Desktop/rovo_ur_ws/src/rovo_can_driver/src/rovo_can_system.cpp:[m[K In member function â€˜[01m[Kvirtual hardware_interface::return_type rovo_can_driver::RovoCanSystem::[01;32m[Kwrite[m[K(const rclcpp::Time&, const rclcpp::Duration&)[m[Kâ€™:
[6.159s] [01m[K/home/kevin/Desktop/rovo_ur_ws/src/rovo_can_driver/src/rovo_can_system.cpp:242:8:[m[K [01;31m[Kerror: [m[Kâ€˜[01m[Kenable_tx_[m[Kâ€™ was not declared in this scope
[6.159s]   242 |   if (![01;31m[Kenable_tx_[m[K) {
[6.159s]       |        [01;31m[K^~~~~~~~~~[m[K
[6.173s] [01m[K/home/kevin/Desktop/rovo_ur_ws/src/rovo_can_driver/src/rovo_can_system.cpp:243:10:[m[K [01;31m[Kerror: [m[Kâ€˜[01m[Ktx_warning_logged_[m[Kâ€™ was not declared in this scope
[6.173s]   243 |     if (![01;31m[Ktx_warning_logged_[m[K) {
[6.173s]       |          [01;31m[K^~~~~~~~~~~~~~~~~~[m[K
[6.185s] [01m[K/home/kevin/Desktop/rovo_ur_ws/src/rovo_can_driver/src/rovo_can_system.cpp:253:3:[m[K [01;31m[Kerror: [m[Kâ€˜[01m[Ksend_safe_tx_frame[m[Kâ€™ was not declared in this scope; did you mean â€˜[01m[Ksend_speed_frame[m[Kâ€™?
[6.185s]   253 |   [01;31m[Ksend_safe_tx_frame[m[K();
[6.186s]       |   [01;31m[K^~~~~~~~~~~~~~~~~~[m[K
[6.186s]       |   [32m[Ksend_speed_frame[m[K
[6.189s] [01m[K/home/kevin/Desktop/rovo_ur_ws/src/rovo_can_driver/src/rovo_can_system.cpp:[m[K At global scope:
[6.189s] [01m[K/home/kevin/Desktop/rovo_ur_ws/src/rovo_can_driver/src/rovo_can_system.cpp:362:6:[m[K [01;31m[Kerror: [m[Kno declaration matches â€˜[01m[Kvoid rovo_can_driver::RovoCanSystem::[01;32m[Ksend_safe_tx_frame[m[K()[m[Kâ€™
[6.189s]   362 | void [01;31m[KRovoCanSystem[m[K::send_safe_tx_frame()
[6.190s]       |      [01;31m[K^~~~~~~~~~~~~[m[K
[6.190s] [01m[K/home/kevin/Desktop/rovo_ur_ws/src/rovo_can_driver/src/rovo_can_system.cpp:362:6:[m[K [01;36m[Knote: [m[Kno functions named â€˜[01m[Kvoid rovo_can_driver::RovoCanSystem::[01;32m[Ksend_safe_tx_frame[m[K()[m[Kâ€™
[6.190s] [01m[K/home/kevin/Desktop/rovo_ur_ws/src/rovo_can_driver/include/rovo_can_driver/rovo_can_system.hpp:21:7:[m[K [01;36m[Knote: [m[Kâ€˜[01m[Kclass rovo_can_driver::RovoCanSystem[m[Kâ€™ defined here
[6.190s]    21 | class [01;36m[KRovoCanSystem[m[K : public hardware_interface::SystemInterface
[6.191s]       |       [01;36m[K^~~~~~~~~~~~~[m[K
[6.191s] [01m[K/home/kevin/Desktop/rovo_ur_ws/src/rovo_can_driver/src/rovo_can_system.cpp:405:6:[m[K [01;31m[Kerror: [m[Kno declaration matches â€˜[01m[Kvoid rovo_can_driver::RovoCanSystem::[01;32m[Ksend_ec_tpdo1[m[K(uint8_t, uint8_t, uint8_t)[m[Kâ€™
[6.191s]   405 | void [01;31m[KRovoCanSystem[m[K::send_ec_tpdo1(
[6.191s]       |      [01;31m[K^~~~~~~~~~~~~[m[K
[6.191s] [01m[K/home/kevin/Desktop/rovo_ur_ws/src/rovo_can_driver/src/rovo_can_system.cpp:405:6:[m[K [01;36m[Knote: [m[Kno functions named â€˜[01m[Kvoid rovo_can_driver::RovoCanSystem::[01;32m[Ksend_ec_tpdo1[m[K(uint8_t, uint8_t, uint8_t)[m[Kâ€™
[6.192s] [01m[K/home/kevin/Desktop/rovo_ur_ws/src/rovo_can_driver/include/rovo_can_driver/rovo_can_system.hpp:21:7:[m[K [01;36m[Knote: [m[Kâ€˜[01m[Kclass rovo_can_driver::RovoCanSystem[m[Kâ€™ defined here
[6.192s]    21 | class [01;36m[KRovoCanSystem[m[K : public hardware_interface::SystemInterface
[6.192s]       |       [01;36m[K^~~~~~~~~~~~~[m[K
[6.192s] [01m[K/home/kevin/Desktop/rovo_ur_ws/src/rovo_can_driver/src/rovo_can_system.cpp:431:6:[m[K [01;31m[Kerror: [m[Kno declaration matches â€˜[01m[Kvoid rovo_can_driver::RovoCanSystem::[01;32m[Ksend_ec_tpdo2_rpm[m[K()[m[Kâ€™
[6.193s]   431 | void [01;31m[KRovoCanSystem[m[K::send_ec_tpdo2_rpm()
[6.193s]       |      [01;31m[K^~~~~~~~~~~~~[m[K
[6.193s] [01m[K/home/kevin/Desktop/rovo_ur_ws/src/rovo_can_driver/src/rovo_can_system.cpp:431:6:[m[K [01;36m[Knote: [m[Kno functions named â€˜[01m[Kvoid rovo_can_driver::RovoCanSystem::[01;32m[Ksend_ec_tpdo2_rpm[m[K()[m[Kâ€™
[6.193s] [01m[K/home/kevin/Desktop/rovo_ur_ws/src/rovo_can_driver/include/rovo_can_driver/rovo_can_system.hpp:21:7:[m[K [01;36m[Knote: [m[Kâ€˜[01m[Kclass rovo_can_driver::RovoCanSystem[m[Kâ€™ defined here
[6.193s]    21 | class [01;36m[KRovoCanSystem[m[K : public hardware_interface::SystemInterface
[6.194s]       |       [01;36m[K^~~~~~~~~~~~~[m[K
[6.194s] [01m[K/home/kevin/Desktop/rovo_ur_ws/src/rovo_can_driver/src/rovo_can_system.cpp:511:6:[m[K [01;31m[Kerror: [m[Kno declaration matches â€˜[01m[Kvoid rovo_can_driver::RovoCanSystem::[01;32m[Ksend_password_frame[m[K()[m[Kâ€™
[6.194s]   511 | void [01;31m[KRovoCanSystem[m[K::send_password_frame()
[6.194s]       |      [01;31m[K^~~~~~~~~~~~~[m[K
[6.195s] [01m[K/home/kevin/Desktop/rovo_ur_ws/src/rovo_can_driver/src/rovo_can_system.cpp:511:6:[m[K [01;36m[Knote: [m[Kno functions named â€˜[01m[Kvoid rovo_can_driver::RovoCanSystem::[01;32m[Ksend_password_frame[m[K()[m[Kâ€™
[6.195s] [01m[K/home/kevin/Desktop/rovo_ur_ws/src/rovo_can_driver/include/rovo_can_driver/rovo_can_system.hpp:21:7:[m[K [01;36m[Knote: [m[Kâ€˜[01m[Kclass rovo_can_driver::RovoCanSystem[m[Kâ€™ defined here
[6.195s]    21 | class [01;36m[KRovoCanSystem[m[K : public hardware_interface::SystemInterface
[6.195s]       |       [01;36m[K^~~~~~~~~~~~~[m[K
[7.958s] gmake[2]: *** [CMakeFiles/rovo_can_driver.dir/build.make:76: CMakeFiles/rovo_can_driver.dir/src/rovo_can_system.cpp.o] Error 1
[7.958s] gmake[1]: *** [CMakeFiles/Makefile2:137: CMakeFiles/rovo_can_driver.dir/all] Error 2
[7.959s] gmake: *** [Makefile:146: all] Error 2
[7.963s] Invoked command in '/home/kevin/Desktop/rovo_ur_ws/build/rovo_can_driver' returned '2': CMAKE_PREFIX_PATH=${CMAKE_PREFIX_PATH}:/opt/ros/jazzy DEBUGINFOD_URLS=https://debuginfod.ubuntu.com /usr/bin/cmake --build /home/kevin/Desktop/rovo_ur_ws/build/rovo_can_driver -- -j44 -l44
