[0.022s] Invoking command in '/home/kevin/Desktop/rovo_ur_ws/build/rovo_can_driver': CMAKE_PREFIX_PATH=${CMAKE_PREFIX_PATH}:/opt/ros/jazzy DEBUGINFOD_URLS=https://debuginfod.ubuntu.com /usr/bin/cmake --build /home/kevin/Desktop/rovo_ur_ws/build/rovo_can_driver -- -j44 -l44
[0.127s] [ 50%] [32mBuilding CXX object CMakeFiles/rovo_can_driver.dir/src/rovo_can_system.cpp.o[0m
[3.509s] [01m[K/home/kevin/Desktop/rovo_ur_ws/src/rovo_can_driver/src/rovo_can_system.cpp:[m[K In member function â€˜[01m[Kvirtual hardware_interface::CallbackReturn rovo_can_driver::RovoCanSystem::[01;32m[Kon_init[m[K(const hardware_interface::HardwareComponentInterfaceParams&)[m[Kâ€™:
[3.510s] [01m[K/home/kevin/Desktop/rovo_ur_ws/src/rovo_can_driver/src/rovo_can_system.cpp:58:9:[m[K [01;31m[Kerror: [m[Kâ€˜[01m[Krequested_driving_stage_[m[Kâ€™ was not declared in this scope
[3.510s]    58 |         [01;31m[Krequested_driving_stage_[m[K = static_cast<uint8_t>(std::stoi(value));
[3.510s]       |         [01;31m[K^~~~~~~~~~~~~~~~~~~~~~~~[m[K
[3.518s] [01m[K/home/kevin/Desktop/rovo_ur_ws/src/rovo_can_driver/src/rovo_can_system.cpp:60:9:[m[K [01;31m[Kerror: [m[Kâ€˜[01m[Kenable_tx_[m[Kâ€™ was not declared in this scope
[3.518s]    60 |         [01;31m[Kenable_tx_[m[K = (value == "true" || value == "True" || value == "1");
[3.518s]       |         [01;31m[K^~~~~~~~~~[m[K
[3.531s] [01m[K/home/kevin/Desktop/rovo_ur_ws/src/rovo_can_driver/src/rovo_can_system.cpp:62:9:[m[K [01;31m[Kerror: [m[Kâ€˜[01m[Kexternal_password_[m[Kâ€™ was not declared in this scope
[3.532s]    62 |         [01;31m[Kexternal_password_[m[K = value;
[3.532s]       |         [01;31m[K^~~~~~~~~~~~~~~~~~[m[K
[3.543s] [01m[K/home/kevin/Desktop/rovo_ur_ws/src/rovo_can_driver/src/rovo_can_system.cpp:81:3:[m[K [01;31m[Kerror: [m[Kâ€˜[01m[Kcontrol_phase_[m[Kâ€™ was not declared in this scope
[3.543s]    81 |   [01;31m[Kcontrol_phase_[m[K     = ExternalControlPhase::WAITING_FOR_READY;
[3.543s]       |   [01;31m[K^~~~~~~~~~~~~~[m[K
[3.543s] [01m[K/home/kevin/Desktop/rovo_ur_ws/src/rovo_can_driver/src/rovo_can_system.cpp:81:24:[m[K [01;31m[Kerror: [m[Kâ€˜[01m[KExternalControlPhase[m[Kâ€™ has not been declared
[3.544s]    81 |   control_phase_     = [01;31m[KExternalControlPhase[m[K::WAITING_FOR_READY;
[3.544s]       |                        [01;31m[K^~~~~~~~~~~~~~~~~~~~[m[K
[3.553s] [01m[K/home/kevin/Desktop/rovo_ur_ws/src/rovo_can_driver/src/rovo_can_system.cpp:83:3:[m[K [01;31m[Kerror: [m[Kâ€˜[01m[Kpassword_sent_[m[Kâ€™ was not declared in this scope
[3.554s]    83 |   [01;31m[Kpassword_sent_[m[K     = false;
[3.554s]       |   [01;31m[K^~~~~~~~~~~~~~[m[K
[3.570s] In file included from [01m[K/opt/ros/jazzy/include/rcl/rcl/timer.h:34[m[K,
[3.571s]                  from [01m[K/opt/ros/jazzy/include/rcl/rcl/wait.h:33[m[K,
[3.571s]                  from [01m[K/opt/ros/jazzy/include/rcl/rcl/rcl.h:80[m[K,
[3.571s]                  from [01m[K/opt/ros/jazzy/include/rcl_lifecycle/rcl_lifecycle/data_types.h:18[m[K,
[3.571s]                  from [01m[K/opt/ros/jazzy/include/rclcpp_lifecycle/rclcpp_lifecycle/state.hpp:21[m[K,
[3.571s]                  from [01m[K/home/kevin/Desktop/rovo_ur_ws/src/rovo_can_driver/include/rovo_can_driver/rovo_can_system.hpp:12[m[K,
[3.572s]                  from [01m[K/home/kevin/Desktop/rovo_ur_ws/src/rovo_can_driver/src/rovo_can_system.cpp:1[m[K:
[3.572s] [01m[K/home/kevin/Desktop/rovo_ur_ws/src/rovo_can_driver/src/rovo_can_system.cpp:100:27:[m[K [01;31m[Kerror: [m[Kâ€˜[01m[Krequested_driving_stage_[m[Kâ€™ was not declared in this scope
[3.572s]   100 |     static_cast<unsigned>([01;31m[Krequested_driving_stage_[m[K),
[3.572s]       |                           [01;31m[K^~~~~~~~~~~~~~~~~~~~~~~~[m[K
[3.578s] [01m[K/home/kevin/Desktop/rovo_ur_ws/src/rovo_can_driver/src/rovo_can_system.cpp:101:5:[m[K [01;31m[Kerror: [m[Kâ€˜[01m[Kenable_tx_[m[Kâ€™ was not declared in this scope
[3.579s]   101 |     [01;31m[Kenable_tx_[m[K ? "true" : "false");
[3.579s]       |     [01;31m[K^~~~~~~~~~[m[K
[3.592s] [01m[K/home/kevin/Desktop/rovo_ur_ws/src/rovo_can_driver/src/rovo_can_system.cpp:[m[K In member function â€˜[01m[Kvirtual hardware_interface::CallbackReturn rovo_can_driver::RovoCanSystem::[01;32m[Kon_activate[m[K(const rclcpp_lifecycle::State&)[m[Kâ€™:
[3.592s] [01m[K/home/kevin/Desktop/rovo_ur_ws/src/rovo_can_driver/src/rovo_can_system.cpp:172:3:[m[K [01;31m[Kerror: [m[Kâ€˜[01m[Kcontrol_phase_[m[Kâ€™ was not declared in this scope
[3.592s]   172 |   [01;31m[Kcontrol_phase_[m[K        = ExternalControlPhase::WAITING_FOR_READY;
[3.592s]       |   [01;31m[K^~~~~~~~~~~~~~[m[K
[3.593s] [01m[K/home/kevin/Desktop/rovo_ur_ws/src/rovo_can_driver/src/rovo_can_system.cpp:172:27:[m[K [01;31m[Kerror: [m[Kâ€˜[01m[KExternalControlPhase[m[Kâ€™ has not been declared
[3.593s]   172 |   control_phase_        = [01;31m[KExternalControlPhase[m[K::WAITING_FOR_READY;
[3.593s]       |                           [01;31m[K^~~~~~~~~~~~~~~~~~~~[m[K
[3.602s] [01m[K/home/kevin/Desktop/rovo_ur_ws/src/rovo_can_driver/src/rovo_can_system.cpp:174:3:[m[K [01;31m[Kerror: [m[Kâ€˜[01m[Kpassword_sent_[m[Kâ€™ was not declared in this scope
[3.602s]   174 |   [01;31m[Kpassword_sent_[m[K        = false;
[3.603s]       |   [01;31m[K^~~~~~~~~~~~~~[m[K
[3.617s] [01m[K/home/kevin/Desktop/rovo_ur_ws/src/rovo_can_driver/src/rovo_can_system.cpp:175:3:[m[K [01;31m[Kerror: [m[Kâ€˜[01m[Ktx_warning_logged_[m[Kâ€™ was not declared in this scope
[3.617s]   175 |   [01;31m[Ktx_warning_logged_[m[K    = false;
[3.617s]       |   [01;31m[K^~~~~~~~~~~~~~~~~~[m[K
[3.628s] [01m[K/home/kevin/Desktop/rovo_ur_ws/src/rovo_can_driver/src/rovo_can_system.cpp:[m[K In member function â€˜[01m[Kvirtual hardware_interface::return_type rovo_can_driver::RovoCanSystem::[01;32m[Kwrite[m[K(const rclcpp::Time&, const rclcpp::Duration&)[m[Kâ€™:
[3.629s] [01m[K/home/kevin/Desktop/rovo_ur_ws/src/rovo_can_driver/src/rovo_can_system.cpp:242:8:[m[K [01;31m[Kerror: [m[Kâ€˜[01m[Kenable_tx_[m[Kâ€™ was not declared in this scope
[3.629s]   242 |   if (![01;31m[Kenable_tx_[m[K) {
[3.629s]       |        [01;31m[K^~~~~~~~~~[m[K
[3.643s] [01m[K/home/kevin/Desktop/rovo_ur_ws/src/rovo_can_driver/src/rovo_can_system.cpp:243:10:[m[K [01;31m[Kerror: [m[Kâ€˜[01m[Ktx_warning_logged_[m[Kâ€™ was not declared in this scope
[3.644s]   243 |     if (![01;31m[Ktx_warning_logged_[m[K) {
[3.644s]       |          [01;31m[K^~~~~~~~~~~~~~~~~~[m[K
[3.655s] [01m[K/home/kevin/Desktop/rovo_ur_ws/src/rovo_can_driver/src/rovo_can_system.cpp:253:3:[m[K [01;31m[Kerror: [m[Kâ€˜[01m[Ksend_safe_tx_frame[m[Kâ€™ was not declared in this scope; did you mean â€˜[01m[Ksend_speed_frame[m[Kâ€™?
[3.655s]   253 |   [01;31m[Ksend_safe_tx_frame[m[K();
[3.656s]       |   [01;31m[K^~~~~~~~~~~~~~~~~~[m[K
[3.656s]       |   [32m[Ksend_speed_frame[m[K
[3.659s] [01m[K/home/kevin/Desktop/rovo_ur_ws/src/rovo_can_driver/src/rovo_can_system.cpp:[m[K At global scope:
[3.659s] [01m[K/home/kevin/Desktop/rovo_ur_ws/src/rovo_can_driver/src/rovo_can_system.cpp:362:6:[m[K [01;31m[Kerror: [m[Kno declaration matches â€˜[01m[Kvoid rovo_can_driver::RovoCanSystem::[01;32m[Ksend_safe_tx_frame[m[K()[m[Kâ€™
[3.659s]   362 | void [01;31m[KRovoCanSystem[m[K::send_safe_tx_frame()
[3.660s]       |      [01;31m[K^~~~~~~~~~~~~[m[K
[3.660s] [01m[K/home/kevin/Desktop/rovo_ur_ws/src/rovo_can_driver/src/rovo_can_system.cpp:362:6:[m[K [01;36m[Knote: [m[Kno functions named â€˜[01m[Kvoid rovo_can_driver::RovoCanSystem::[01;32m[Ksend_safe_tx_frame[m[K()[m[Kâ€™
[3.660s] [01m[K/home/kevin/Desktop/rovo_ur_ws/src/rovo_can_driver/include/rovo_can_driver/rovo_can_system.hpp:21:7:[m[K [01;36m[Knote: [m[Kâ€˜[01m[Kclass rovo_can_driver::RovoCanSystem[m[Kâ€™ defined here
[3.660s]    21 | class [01;36m[KRovoCanSystem[m[K : public hardware_interface::SystemInterface
[3.660s]       |       [01;36m[K^~~~~~~~~~~~~[m[K
[3.661s] [01m[K/home/kevin/Desktop/rovo_ur_ws/src/rovo_can_driver/src/rovo_can_system.cpp:405:6:[m[K [01;31m[Kerror: [m[Kno declaration matches â€˜[01m[Kvoid rovo_can_driver::RovoCanSystem::[01;32m[Ksend_ec_tpdo1[m[K(uint8_t, uint8_t, uint8_t)[m[Kâ€™
[3.661s]   405 | void [01;31m[KRovoCanSystem[m[K::send_ec_tpdo1(
[3.661s]       |      [01;31m[K^~~~~~~~~~~~~[m[K
[3.661s] [01m[K/home/kevin/Desktop/rovo_ur_ws/src/rovo_can_driver/src/rovo_can_system.cpp:405:6:[m[K [01;36m[Knote: [m[Kno functions named â€˜[01m[Kvoid rovo_can_driver::RovoCanSystem::[01;32m[Ksend_ec_tpdo1[m[K(uint8_t, uint8_t, uint8_t)[m[Kâ€™
[3.662s] [01m[K/home/kevin/Desktop/rovo_ur_ws/src/rovo_can_driver/include/rovo_can_driver/rovo_can_system.hpp:21:7:[m[K [01;36m[Knote: [m[Kâ€˜[01m[Kclass rovo_can_driver::RovoCanSystem[m[Kâ€™ defined here
[3.662s]    21 | class [01;36m[KRovoCanSystem[m[K : public hardware_interface::SystemInterface
[3.662s]       |       [01;36m[K^~~~~~~~~~~~~[m[K
[3.662s] [01m[K/home/kevin/Desktop/rovo_ur_ws/src/rovo_can_driver/src/rovo_can_system.cpp:431:6:[m[K [01;31m[Kerror: [m[Kno declaration matches â€˜[01m[Kvoid rovo_can_driver::RovoCanSystem::[01;32m[Ksend_ec_tpdo2_rpm[m[K()[m[Kâ€™
[3.662s]   431 | void [01;31m[KRovoCanSystem[m[K::send_ec_tpdo2_rpm()
[3.663s]       |      [01;31m[K^~~~~~~~~~~~~[m[K
[3.663s] [01m[K/home/kevin/Desktop/rovo_ur_ws/src/rovo_can_driver/src/rovo_can_system.cpp:431:6:[m[K [01;36m[Knote: [m[Kno functions named â€˜[01m[Kvoid rovo_can_driver::RovoCanSystem::[01;32m[Ksend_ec_tpdo2_rpm[m[K()[m[Kâ€™
[3.663s] [01m[K/home/kevin/Desktop/rovo_ur_ws/src/rovo_can_driver/include/rovo_can_driver/rovo_can_system.hpp:21:7:[m[K [01;36m[Knote: [m[Kâ€˜[01m[Kclass rovo_can_driver::RovoCanSystem[m[Kâ€™ defined here
[3.663s]    21 | class [01;36m[KRovoCanSystem[m[K : public hardware_interface::SystemInterface
[3.664s]       |       [01;36m[K^~~~~~~~~~~~~[m[K
[3.664s] [01m[K/home/kevin/Desktop/rovo_ur_ws/src/rovo_can_driver/src/rovo_can_system.cpp:511:6:[m[K [01;31m[Kerror: [m[Kno declaration matches â€˜[01m[Kvoid rovo_can_driver::RovoCanSystem::[01;32m[Ksend_password_frame[m[K()[m[Kâ€™
[3.664s]   511 | void [01;31m[KRovoCanSystem[m[K::send_password_frame()
[3.664s]       |      [01;31m[K^~~~~~~~~~~~~[m[K
[3.664s] [01m[K/home/kevin/Desktop/rovo_ur_ws/src/rovo_can_driver/src/rovo_can_system.cpp:511:6:[m[K [01;36m[Knote: [m[Kno functions named â€˜[01m[Kvoid rovo_can_driver::RovoCanSystem::[01;32m[Ksend_password_frame[m[K()[m[Kâ€™
[3.665s] [01m[K/home/kevin/Desktop/rovo_ur_ws/src/rovo_can_driver/include/rovo_can_driver/rovo_can_system.hpp:21:7:[m[K [01;36m[Knote: [m[Kâ€˜[01m[Kclass rovo_can_driver::RovoCanSystem[m[Kâ€™ defined here
[3.665s]    21 | class [01;36m[KRovoCanSystem[m[K : public hardware_interface::SystemInterface
[3.665s]       |       [01;36m[K^~~~~~~~~~~~~[m[K
[5.387s] gmake[2]: *** [CMakeFiles/rovo_can_driver.dir/build.make:76: CMakeFiles/rovo_can_driver.dir/src/rovo_can_system.cpp.o] Error 1
[5.388s] gmake[1]: *** [CMakeFiles/Makefile2:137: CMakeFiles/rovo_can_driver.dir/all] Error 2
[5.388s] gmake: *** [Makefile:146: all] Error 2
[5.391s] Invoked command in '/home/kevin/Desktop/rovo_ur_ws/build/rovo_can_driver' returned '2': CMAKE_PREFIX_PATH=${CMAKE_PREFIX_PATH}:/opt/ros/jazzy DEBUGINFOD_URLS=https://debuginfod.ubuntu.com /usr/bin/cmake --build /home/kevin/Desktop/rovo_ur_ws/build/rovo_can_driver -- -j44 -l44
